CRITICAL - 2026-04-22 04:39:28 --> ParseError: syntax error, unexpected identifier "print_r"
[Method: OPTIONS, Route: createVenus]
in APPPATH\Controllers\Venus.php on line 13.
 1 VENDORPATH\composer\ClassLoader.php(427): Composer\Autoload\{closure}('C:\\xampp\\htdocs\\MovieReact\\Admin\\admin_backend\\vendor\\composer/../../app\\Controllers\\Venus.php')
 2 [internal function]: Composer\Autoload\ClassLoader->loadClass('App\\Controllers\\Venus')
 3 SYSTEMPATH\Router\Router.php(792): class_exists('\\App\\Controllers\\Venus')
 4 SYSTEMPATH\Router\Router.php(230): CodeIgniter\Router\Router->processRouteAttributes()
 5 SYSTEMPATH\CodeIgniter.php(829): CodeIgniter\Router\Router->handle('createVenus')
 6 SYSTEMPATH\CodeIgniter.php(441): CodeIgniter\CodeIgniter->tryToRouteIt(Object(CodeIgniter\Router\RouteCollection))
 7 SYSTEMPATH\CodeIgniter.php(340): CodeIgniter\CodeIgniter->handleRequest(null, Object(Config\Cache), false)
 8 SYSTEMPATH\Boot.php(417): CodeIgniter\CodeIgniter->run()
 9 SYSTEMPATH\Boot.php(68): CodeIgniter\Boot::runCodeIgniter(Object(CodeIgniter\CodeIgniter))
10 FCPATH\index.php(59): CodeIgniter\Boot::bootWeb(Object(Config\Paths))
11 SYSTEMPATH\rewrite.php(44): require_once('C:\\xampp\\htdocs\\MovieReact\\Admin\\admin_backend\\public\\index.php')
WARNING - 2026-04-22 05:19:42 --> [DEPRECATED] Creation of dynamic property App\Controllers\Venus::$venusModel is deprecated in APPPATH\Controllers\Venus.php on line 13.
 1 SYSTEMPATH\CodeIgniter.php(921): App\Controllers\Venus->__construct()
 2 SYSTEMPATH\CodeIgniter.php(488): CodeIgniter\CodeIgniter->createController()
 3 SYSTEMPATH\CodeIgniter.php(340): CodeIgniter\CodeIgniter->handleRequest(null, Object(Config\Cache), false)
 4 SYSTEMPATH\Boot.php(417): CodeIgniter\CodeIgniter->run()
 5 SYSTEMPATH\Boot.php(68): CodeIgniter\Boot::runCodeIgniter(Object(CodeIgniter\CodeIgniter))
 6 FCPATH\index.php(59): CodeIgniter\Boot::bootWeb(Object(Config\Paths))
 7 SYSTEMPATH\rewrite.php(44): require_once('C:\\xampp\\htdocs\\MovieReact\\Admin\\admin_backend\\public\\index.php')
ERROR - 2026-04-22 05:19:42 --> Error connecting to the database: mysqli_sql_exception: Access denied for user 'root'@'localhost' (using password: YES) in C:\xampp\htdocs\MovieReact\Admin\admin_backend\vendor\codeigniter4\framework\system\Database\MySQLi\Connection.php:201
Stack trace:
#0 C:\xampp\htdocs\MovieReact\Admin\admin_backend\vendor\codeigniter4\framework\system\Database\MySQLi\Connection.php(201): mysqli->real_connect('localhost', 'root', Object(SensitiveParameterValue), 'reactmovie', 3306, '', 0)
#1 C:\xampp\htdocs\MovieReact\Admin\admin_backend\vendor\codeigniter4\framework\system\Database\BaseConnection.php(555): CodeIgniter\Database\MySQLi\Connection->connect(false)
#2 C:\xampp\htdocs\MovieReact\Admin\admin_backend\vendor\codeigniter4\framework\system\Database\BaseConnection.php(795): CodeIgniter\Database\BaseConnection->initialize()
#3 C:\xampp\htdocs\MovieReact\Admin\admin_backend\vendor\codeigniter4\framework\system\Database\BaseBuilder.php(2345): CodeIgniter\Database\BaseConnection->query('INSERT INTO `ve...', Array, false)
#4 C:\xampp\htdocs\MovieReact\Admin\admin_backend\vendor\codeigniter4\framework\system\Model.php(355): CodeIgniter\Database\BaseBuilder->insert()
#5 C:\xampp\htdocs\MovieReact\Admin\admin_backend\vendor\codeigniter4\framework\system\BaseModel.php(899): CodeIgniter\Model->doInsert(Array)
#6 C:\xampp\htdocs\MovieReact\Admin\admin_backend\vendor\codeigniter4\framework\system\Model.php(668): CodeIgniter\BaseModel->insert(Array, true)
#7 C:\xampp\htdocs\MovieReact\Admin\admin_backend\app\Models\VenusModel.php(31): CodeIgniter\Model->insert(Array)
#8 C:\xampp\htdocs\MovieReact\Admin\admin_backend\app\Controllers\Venus.php(22): App\Models\VenusModel->createVenus(Array)
#9 C:\xampp\htdocs\MovieReact\Admin\admin_backend\vendor\codeigniter4\framework\system\CodeIgniter.php(951): App\Controllers\Venus->createVenus()
#10 C:\xampp\htdocs\MovieReact\Admin\admin_backend\vendor\codeigniter4\framework\system\CodeIgniter.php(497): CodeIgniter\CodeIgniter->runController(Object(App\Controllers\Venus))
#11 C:\xampp\htdocs\MovieReact\Admin\admin_backend\vendor\codeigniter4\framework\system\CodeIgniter.php(340): CodeIgniter\CodeIgniter->handleRequest(NULL, Object(Config\Cache), false)
#12 C:\xampp\htdocs\MovieReact\Admin\admin_backend\vendor\codeigniter4\framework\system\Boot.php(417): CodeIgniter\CodeIgniter->run()
#13 C:\xampp\htdocs\MovieReact\Admin\admin_backend\vendor\codeigniter4\framework\system\Boot.php(68): CodeIgniter\Boot::runCodeIgniter(Object(CodeIgniter\CodeIgniter))
#14 C:\xampp\htdocs\MovieReact\Admin\admin_backend\public\index.php(59): CodeIgniter\Boot::bootWeb(Object(Config\Paths))
#15 C:\xampp\htdocs\MovieReact\Admin\admin_backend\vendor\codeigniter4\framework\system\rewrite.php(44): require_once('C:\\xampp\\htdocs...')
#16 {main}

Next CodeIgniter\Database\Exceptions\DatabaseException: Access denied for user '****'@'localhost' (using password: YES) in C:\xampp\htdocs\MovieReact\Admin\admin_backend\vendor\codeigniter4\framework\system\Database\MySQLi\Connection.php:231
Stack trace:
#0 C:\xampp\htdocs\MovieReact\Admin\admin_backend\vendor\codeigniter4\framework\system\Database\BaseConnection.php(555): CodeIgniter\Database\MySQLi\Connection->connect(false)
#1 C:\xampp\htdocs\MovieReact\Admin\admin_backend\vendor\codeigniter4\framework\system\Database\BaseConnection.php(795): CodeIgniter\Database\BaseConnection->initialize()
#2 C:\xampp\htdocs\MovieReact\Admin\admin_backend\vendor\codeigniter4\framework\system\Database\BaseBuilder.php(2345): CodeIgniter\Database\BaseConnection->query('INSERT INTO `ve...', Array, false)
#3 C:\xampp\htdocs\MovieReact\Admin\admin_backend\vendor\codeigniter4\framework\system\Model.php(355): CodeIgniter\Database\BaseBuilder->insert()
#4 C:\xampp\htdocs\MovieReact\Admin\admin_backend\vendor\codeigniter4\framework\system\BaseModel.php(899): CodeIgniter\Model->doInsert(Array)
#5 C:\xampp\htdocs\MovieReact\Admin\admin_backend\vendor\codeigniter4\framework\system\Model.php(668): CodeIgniter\BaseModel->insert(Array, true)
#6 C:\xampp\htdocs\MovieReact\Admin\admin_backend\app\Models\VenusModel.php(31): CodeIgniter\Model->insert(Array)
#7 C:\xampp\htdocs\MovieReact\Admin\admin_backend\app\Controllers\Venus.php(22): App\Models\VenusModel->createVenus(Array)
#8 C:\xampp\htdocs\MovieReact\Admin\admin_backend\vendor\codeigniter4\framework\system\CodeIgniter.php(951): App\Controllers\Venus->createVenus()
#9 C:\xampp\htdocs\MovieReact\Admin\admin_backend\vendor\codeigniter4\framework\system\CodeIgniter.php(497): CodeIgniter\CodeIgniter->runController(Object(App\Controllers\Venus))
#10 C:\xampp\htdocs\MovieReact\Admin\admin_backend\vendor\codeigniter4\framework\system\CodeIgniter.php(340): CodeIgniter\CodeIgniter->handleRequest(NULL, Object(Config\Cache), false)
#11 C:\xampp\htdocs\MovieReact\Admin\admin_backend\vendor\codeigniter4\framework\system\Boot.php(417): CodeIgniter\CodeIgniter->run()
#12 C:\xampp\htdocs\MovieReact\Admin\admin_backend\vendor\codeigniter4\framework\system\Boot.php(68): CodeIgniter\Boot::runCodeIgniter(Object(CodeIgniter\CodeIgniter))
#13 C:\xampp\htdocs\MovieReact\Admin\admin_backend\public\index.php(59): CodeIgniter\Boot::bootWeb(Object(Config\Paths))
#14 C:\xampp\htdocs\MovieReact\Admin\admin_backend\vendor\codeigniter4\framework\system\rewrite.php(44): require_once('C:\\xampp\\htdocs...')
#15 {main}
CRITICAL - 2026-04-22 05:19:42 --> CodeIgniter\Database\Exceptions\DatabaseException: Unable to connect to the database.
Main connection [MySQLi]: Access denied for user '****'@'localhost' (using password: YES)
[Method: POST, Route: createVenus]
in SYSTEMPATH\Database\BaseConnection.php on line 606.
 1 SYSTEMPATH\Database\BaseConnection.php(795): CodeIgniter\Database\BaseConnection->initialize()
 2 SYSTEMPATH\Database\BaseBuilder.php(2345): CodeIgniter\Database\BaseConnection->query('INSERT INTO `venus` (`address`, `state`, `city`) VALUES (:address:, :state:, :city:)', [...], false)
 3 SYSTEMPATH\Model.php(355): CodeIgniter\Database\BaseBuilder->insert()
 4 SYSTEMPATH\BaseModel.php(899): CodeIgniter\Model->doInsert([...])
 5 SYSTEMPATH\Model.php(668): CodeIgniter\BaseModel->insert([...], true)
 6 APPPATH\Models\VenusModel.php(31): CodeIgniter\Model->insert([...])
 7 APPPATH\Controllers\Venus.php(22): App\Models\VenusModel->createVenus([...])
 8 SYSTEMPATH\CodeIgniter.php(951): App\Controllers\Venus->createVenus()
 9 SYSTEMPATH\CodeIgniter.php(497): CodeIgniter\CodeIgniter->runController(Object(App\Controllers\Venus))
10 SYSTEMPATH\CodeIgniter.php(340): CodeIgniter\CodeIgniter->handleRequest(null, Object(Config\Cache), false)
11 SYSTEMPATH\Boot.php(417): CodeIgniter\CodeIgniter->run()
12 SYSTEMPATH\Boot.php(68): CodeIgniter\Boot::runCodeIgniter(Object(CodeIgniter\CodeIgniter))
13 FCPATH\index.php(59): CodeIgniter\Boot::bootWeb(Object(Config\Paths))
14 SYSTEMPATH\rewrite.php(44): require_once('C:\\xampp\\htdocs\\MovieReact\\Admin\\admin_backend\\public\\index.php')
WARNING - 2026-04-22 05:22:04 --> [DEPRECATED] Creation of dynamic property App\Controllers\Venus::$venusModel is deprecated in APPPATH\Controllers\Venus.php on line 13.
 1 SYSTEMPATH\CodeIgniter.php(921): App\Controllers\Venus->__construct()
 2 SYSTEMPATH\CodeIgniter.php(488): CodeIgniter\CodeIgniter->createController()
 3 SYSTEMPATH\CodeIgniter.php(340): CodeIgniter\CodeIgniter->handleRequest(null, Object(Config\Cache), false)
 4 SYSTEMPATH\Boot.php(417): CodeIgniter\CodeIgniter->run()
 5 SYSTEMPATH\Boot.php(68): CodeIgniter\Boot::runCodeIgniter(Object(CodeIgniter\CodeIgniter))
 6 FCPATH\index.php(59): CodeIgniter\Boot::bootWeb(Object(Config\Paths))
 7 SYSTEMPATH\rewrite.php(44): require_once('C:\\xampp\\htdocs\\MovieReact\\Admin\\admin_backend\\public\\index.php')
ERROR - 2026-04-22 05:22:04 --> Table 'reactmovie.venus' doesn't exist
in SYSTEMPATH\Database\MySQLi\Connection.php on line 300.
 1 SYSTEMPATH\Database\MySQLi\Connection.php(300): mysqli->query('INSERT INTO `venus` (`address`, `state`, `city`) VALUES (\'jijiwjeijw\', \'dwdjiwjd\', \'dwdiwdij\')', 0)
 2 SYSTEMPATH\Database\BaseConnection.php(910): CodeIgniter\Database\MySQLi\Connection->execute('INSERT INTO `venus` (`address`, `state`, `city`) VALUES (\'jijiwjeijw\', \'dwdjiwjd\', \'dwdiwdij\')')
 3 SYSTEMPATH\Database\BaseConnection.php(827): CodeIgniter\Database\BaseConnection->simpleQuery('INSERT INTO `venus` (`address`, `state`, `city`) VALUES (\'jijiwjeijw\', \'dwdjiwjd\', \'dwdiwdij\')')
 4 SYSTEMPATH\Database\BaseBuilder.php(2345): CodeIgniter\Database\BaseConnection->query('INSERT INTO `venus` (`address`, `state`, `city`) VALUES (:address:, :state:, :city:)', [...], false)
 5 SYSTEMPATH\Model.php(355): CodeIgniter\Database\BaseBuilder->insert()
 6 SYSTEMPATH\BaseModel.php(899): CodeIgniter\Model->doInsert([...])
 7 SYSTEMPATH\Model.php(668): CodeIgniter\BaseModel->insert([...], true)
 8 APPPATH\Models\VenusModel.php(31): CodeIgniter\Model->insert([...])
 9 APPPATH\Controllers\Venus.php(22): App\Models\VenusModel->createVenus([...])
10 SYSTEMPATH\CodeIgniter.php(951): App\Controllers\Venus->createVenus()
11 SYSTEMPATH\CodeIgniter.php(497): CodeIgniter\CodeIgniter->runController(Object(App\Controllers\Venus))
12 SYSTEMPATH\CodeIgniter.php(340): CodeIgniter\CodeIgniter->handleRequest(null, Object(Config\Cache), false)
13 SYSTEMPATH\Boot.php(417): CodeIgniter\CodeIgniter->run()
14 SYSTEMPATH\Boot.php(68): CodeIgniter\Boot::runCodeIgniter(Object(CodeIgniter\CodeIgniter))
15 FCPATH\index.php(59): CodeIgniter\Boot::bootWeb(Object(Config\Paths))
16 SYSTEMPATH\rewrite.php(44): require_once('C:\\xampp\\htdocs\\MovieReact\\Admin\\admin_backend\\public\\index.php')
CRITICAL - 2026-04-22 05:22:04 --> CodeIgniter\Database\Exceptions\DatabaseException: Table 'reactmovie.venus' doesn't exist
[Method: POST, Route: createVenus]
in SYSTEMPATH\Database\BaseConnection.php on line 865.
 1 SYSTEMPATH\Database\BaseBuilder.php(2345): CodeIgniter\Database\BaseConnection->query('INSERT INTO `venus` (`address`, `state`, `city`) VALUES (:address:, :state:, :city:)', [...], false)
 2 SYSTEMPATH\Model.php(355): CodeIgniter\Database\BaseBuilder->insert()
 3 SYSTEMPATH\BaseModel.php(899): CodeIgniter\Model->doInsert([...])
 4 SYSTEMPATH\Model.php(668): CodeIgniter\BaseModel->insert([...], true)
 5 APPPATH\Models\VenusModel.php(31): CodeIgniter\Model->insert([...])
 6 APPPATH\Controllers\Venus.php(22): App\Models\VenusModel->createVenus([...])
 7 SYSTEMPATH\CodeIgniter.php(951): App\Controllers\Venus->createVenus()
 8 SYSTEMPATH\CodeIgniter.php(497): CodeIgniter\CodeIgniter->runController(Object(App\Controllers\Venus))
 9 SYSTEMPATH\CodeIgniter.php(340): CodeIgniter\CodeIgniter->handleRequest(null, Object(Config\Cache), false)
10 SYSTEMPATH\Boot.php(417): CodeIgniter\CodeIgniter->run()
11 SYSTEMPATH\Boot.php(68): CodeIgniter\Boot::runCodeIgniter(Object(CodeIgniter\CodeIgniter))
12 FCPATH\index.php(59): CodeIgniter\Boot::bootWeb(Object(Config\Paths))
13 SYSTEMPATH\rewrite.php(44): require_once('C:\\xampp\\htdocs\\MovieReact\\Admin\\admin_backend\\public\\index.php')
CRITICAL - 2026-04-22 05:22:04 --> [Caused by] CodeIgniter\Database\Exceptions\DatabaseException: Table 'reactmovie.venus' doesn't exist
in SYSTEMPATH\Database\MySQLi\Connection.php on line 310.
 1 SYSTEMPATH\Database\BaseConnection.php(910): CodeIgniter\Database\MySQLi\Connection->execute('INSERT INTO `venus` (`address`, `state`, `city`) VALUES (\'jijiwjeijw\', \'dwdjiwjd\', \'dwdiwdij\')')
 2 SYSTEMPATH\Database\BaseConnection.php(827): CodeIgniter\Database\BaseConnection->simpleQuery('INSERT INTO `venus` (`address`, `state`, `city`) VALUES (\'jijiwjeijw\', \'dwdjiwjd\', \'dwdiwdij\')')
 3 SYSTEMPATH\Database\BaseBuilder.php(2345): CodeIgniter\Database\BaseConnection->query('INSERT INTO `venus` (`address`, `state`, `city`) VALUES (:address:, :state:, :city:)', [...], false)
 4 SYSTEMPATH\Model.php(355): CodeIgniter\Database\BaseBuilder->insert()
 5 SYSTEMPATH\BaseModel.php(899): CodeIgniter\Model->doInsert([...])
 6 SYSTEMPATH\Model.php(668): CodeIgniter\BaseModel->insert([...], true)
 7 APPPATH\Models\VenusModel.php(31): CodeIgniter\Model->insert([...])
 8 APPPATH\Controllers\Venus.php(22): App\Models\VenusModel->createVenus([...])
 9 SYSTEMPATH\CodeIgniter.php(951): App\Controllers\Venus->createVenus()
10 SYSTEMPATH\CodeIgniter.php(497): CodeIgniter\CodeIgniter->runController(Object(App\Controllers\Venus))
11 SYSTEMPATH\CodeIgniter.php(340): CodeIgniter\CodeIgniter->handleRequest(null, Object(Config\Cache), false)
12 SYSTEMPATH\Boot.php(417): CodeIgniter\CodeIgniter->run()
13 SYSTEMPATH\Boot.php(68): CodeIgniter\Boot::runCodeIgniter(Object(CodeIgniter\CodeIgniter))
14 FCPATH\index.php(59): CodeIgniter\Boot::bootWeb(Object(Config\Paths))
15 SYSTEMPATH\rewrite.php(44): require_once('C:\\xampp\\htdocs\\MovieReact\\Admin\\admin_backend\\public\\index.php')
CRITICAL - 2026-04-22 05:22:04 --> [Caused by] mysqli_sql_exception: Table 'reactmovie.venus' doesn't exist
in SYSTEMPATH\Database\MySQLi\Connection.php on line 300.
 1 SYSTEMPATH\Database\MySQLi\Connection.php(300): mysqli->query('INSERT INTO `venus` (`address`, `state`, `city`) VALUES (\'jijiwjeijw\', \'dwdjiwjd\', \'dwdiwdij\')', 0)
 2 SYSTEMPATH\Database\BaseConnection.php(910): CodeIgniter\Database\MySQLi\Connection->execute('INSERT INTO `venus` (`address`, `state`, `city`) VALUES (\'jijiwjeijw\', \'dwdjiwjd\', \'dwdiwdij\')')
 3 SYSTEMPATH\Database\BaseConnection.php(827): CodeIgniter\Database\BaseConnection->simpleQuery('INSERT INTO `venus` (`address`, `state`, `city`) VALUES (\'jijiwjeijw\', \'dwdjiwjd\', \'dwdiwdij\')')
 4 SYSTEMPATH\Database\BaseBuilder.php(2345): CodeIgniter\Database\BaseConnection->query('INSERT INTO `venus` (`address`, `state`, `city`) VALUES (:address:, :state:, :city:)', [...], false)
 5 SYSTEMPATH\Model.php(355): CodeIgniter\Database\BaseBuilder->insert()
 6 SYSTEMPATH\BaseModel.php(899): CodeIgniter\Model->doInsert([...])
 7 SYSTEMPATH\Model.php(668): CodeIgniter\BaseModel->insert([...], true)
 8 APPPATH\Models\VenusModel.php(31): CodeIgniter\Model->insert([...])
 9 APPPATH\Controllers\Venus.php(22): App\Models\VenusModel->createVenus([...])
10 SYSTEMPATH\CodeIgniter.php(951): App\Controllers\Venus->createVenus()
11 SYSTEMPATH\CodeIgniter.php(497): CodeIgniter\CodeIgniter->runController(Object(App\Controllers\Venus))
12 SYSTEMPATH\CodeIgniter.php(340): CodeIgniter\CodeIgniter->handleRequest(null, Object(Config\Cache), false)
13 SYSTEMPATH\Boot.php(417): CodeIgniter\CodeIgniter->run()
14 SYSTEMPATH\Boot.php(68): CodeIgniter\Boot::runCodeIgniter(Object(CodeIgniter\CodeIgniter))
15 FCPATH\index.php(59): CodeIgniter\Boot::bootWeb(Object(Config\Paths))
16 SYSTEMPATH\rewrite.php(44): require_once('C:\\xampp\\htdocs\\MovieReact\\Admin\\admin_backend\\public\\index.php')
WARNING - 2026-04-22 05:24:33 --> [DEPRECATED] Creation of dynamic property App\Controllers\Venus::$venusModel is deprecated in APPPATH\Controllers\Venus.php on line 13.
 1 SYSTEMPATH\CodeIgniter.php(921): App\Controllers\Venus->__construct()
 2 SYSTEMPATH\CodeIgniter.php(488): CodeIgniter\CodeIgniter->createController()
 3 SYSTEMPATH\CodeIgniter.php(340): CodeIgniter\CodeIgniter->handleRequest(null, Object(Config\Cache), false)
 4 SYSTEMPATH\Boot.php(417): CodeIgniter\CodeIgniter->run()
 5 SYSTEMPATH\Boot.php(68): CodeIgniter\Boot::runCodeIgniter(Object(CodeIgniter\CodeIgniter))
 6 FCPATH\index.php(59): CodeIgniter\Boot::bootWeb(Object(Config\Paths))
 7 SYSTEMPATH\rewrite.php(44): require_once('C:\\xampp\\htdocs\\MovieReact\\Admin\\admin_backend\\public\\index.php')
CRITICAL - 2026-04-22 05:24:33 --> CodeIgniter\Database\Exceptions\DataException: There is no data to insert.
[Method: POST, Route: createVenus]
in SYSTEMPATH\BaseModel.php on line 1876.
 1 SYSTEMPATH\BaseModel.php(1876): CodeIgniter\Database\Exceptions\DataException::forEmptyDataset('insert')
 2 SYSTEMPATH\BaseModel.php(865): CodeIgniter\BaseModel->transformDataToArray([], 'insert')
 3 SYSTEMPATH\Model.php(668): CodeIgniter\BaseModel->insert([], true)
 4 APPPATH\Models\VenusModel.php(31): CodeIgniter\Model->insert([])
 5 APPPATH\Controllers\Venus.php(22): App\Models\VenusModel->createVenus([])
 6 SYSTEMPATH\CodeIgniter.php(951): App\Controllers\Venus->createVenus()
 7 SYSTEMPATH\CodeIgniter.php(497): CodeIgniter\CodeIgniter->runController(Object(App\Controllers\Venus))
 8 SYSTEMPATH\CodeIgniter.php(340): CodeIgniter\CodeIgniter->handleRequest(null, Object(Config\Cache), false)
 9 SYSTEMPATH\Boot.php(417): CodeIgniter\CodeIgniter->run()
10 SYSTEMPATH\Boot.php(68): CodeIgniter\Boot::runCodeIgniter(Object(CodeIgniter\CodeIgniter))
11 FCPATH\index.php(59): CodeIgniter\Boot::bootWeb(Object(Config\Paths))
12 SYSTEMPATH\rewrite.php(44): require_once('C:\\xampp\\htdocs\\MovieReact\\Admin\\admin_backend\\public\\index.php')
WARNING - 2026-04-22 05:25:21 --> [DEPRECATED] Creation of dynamic property App\Controllers\Venus::$venusModel is deprecated in APPPATH\Controllers\Venus.php on line 13.
 1 SYSTEMPATH\CodeIgniter.php(921): App\Controllers\Venus->__construct()
 2 SYSTEMPATH\CodeIgniter.php(488): CodeIgniter\CodeIgniter->createController()
 3 SYSTEMPATH\CodeIgniter.php(340): CodeIgniter\CodeIgniter->handleRequest(null, Object(Config\Cache), false)
 4 SYSTEMPATH\Boot.php(417): CodeIgniter\CodeIgniter->run()
 5 SYSTEMPATH\Boot.php(68): CodeIgniter\Boot::runCodeIgniter(Object(CodeIgniter\CodeIgniter))
 6 FCPATH\index.php(59): CodeIgniter\Boot::bootWeb(Object(Config\Paths))
 7 SYSTEMPATH\rewrite.php(44): require_once('C:\\xampp\\htdocs\\MovieReact\\Admin\\admin_backend\\public\\index.php')
WARNING - 2026-04-22 05:27:43 --> [DEPRECATED] Creation of dynamic property App\Controllers\Venus::$venusModel is deprecated in APPPATH\Controllers\Venus.php on line 13.
 1 SYSTEMPATH\CodeIgniter.php(921): App\Controllers\Venus->__construct()
 2 SYSTEMPATH\CodeIgniter.php(488): CodeIgniter\CodeIgniter->createController()
 3 SYSTEMPATH\CodeIgniter.php(340): CodeIgniter\CodeIgniter->handleRequest(null, Object(Config\Cache), false)
 4 SYSTEMPATH\Boot.php(417): CodeIgniter\CodeIgniter->run()
 5 SYSTEMPATH\Boot.php(68): CodeIgniter\Boot::runCodeIgniter(Object(CodeIgniter\CodeIgniter))
 6 FCPATH\index.php(59): CodeIgniter\Boot::bootWeb(Object(Config\Paths))
 7 SYSTEMPATH\rewrite.php(44): require_once('C:\\xampp\\htdocs\\MovieReact\\Admin\\admin_backend\\public\\index.php')
WARNING - 2026-04-22 05:27:44 --> [DEPRECATED] Creation of dynamic property App\Controllers\Venus::$venusModel is deprecated in APPPATH\Controllers\Venus.php on line 13.
 1 SYSTEMPATH\CodeIgniter.php(921): App\Controllers\Venus->__construct()
 2 SYSTEMPATH\CodeIgniter.php(488): CodeIgniter\CodeIgniter->createController()
 3 SYSTEMPATH\CodeIgniter.php(340): CodeIgniter\CodeIgniter->handleRequest(null, Object(Config\Cache), false)
 4 SYSTEMPATH\Boot.php(417): CodeIgniter\CodeIgniter->run()
 5 SYSTEMPATH\Boot.php(68): CodeIgniter\Boot::runCodeIgniter(Object(CodeIgniter\CodeIgniter))
 6 FCPATH\index.php(59): CodeIgniter\Boot::bootWeb(Object(Config\Paths))
 7 SYSTEMPATH\rewrite.php(44): require_once('C:\\xampp\\htdocs\\MovieReact\\Admin\\admin_backend\\public\\index.php')
CRITICAL - 2026-04-22 10:04:56 --> CodeIgniter\Database\Exceptions\DataException: There is no data to insert.
[Method: POST, Route: createVenus]
in SYSTEMPATH\BaseModel.php on line 1876.
 1 SYSTEMPATH\BaseModel.php(1876): CodeIgniter\Database\Exceptions\DataException::forEmptyDataset('insert')
 2 SYSTEMPATH\BaseModel.php(865): CodeIgniter\BaseModel->transformDataToArray([], 'insert')
 3 SYSTEMPATH\Model.php(668): CodeIgniter\BaseModel->insert([], true)
 4 APPPATH\Models\VenusModel.php(31): CodeIgniter\Model->insert([])
 5 APPPATH\Controllers\Venus.php(22): App\Models\VenusModel->createNewVenus([])
 6 SYSTEMPATH\CodeIgniter.php(951): App\Controllers\Venus->createVenus()
 7 SYSTEMPATH\CodeIgniter.php(497): CodeIgniter\CodeIgniter->runController(Object(App\Controllers\Venus))
 8 SYSTEMPATH\CodeIgniter.php(340): CodeIgniter\CodeIgniter->handleRequest(null, Object(Config\Cache), false)
 9 SYSTEMPATH\Boot.php(417): CodeIgniter\CodeIgniter->run()
10 SYSTEMPATH\Boot.php(68): CodeIgniter\Boot::runCodeIgniter(Object(CodeIgniter\CodeIgniter))
11 FCPATH\index.php(59): CodeIgniter\Boot::bootWeb(Object(Config\Paths))
12 SYSTEMPATH\rewrite.php(44): require_once('C:\\xampp\\htdocs\\MovieReact\\Admin\\admin_backend\\public\\index.php')
CRITICAL - 2026-04-22 11:06:47 --> CodeIgniter\Database\Exceptions\DataException: There is no data to insert.
[Method: POST, Route: createVenus]
in SYSTEMPATH\BaseModel.php on line 1876.
 1 SYSTEMPATH\BaseModel.php(1876): CodeIgniter\Database\Exceptions\DataException::forEmptyDataset('insert')
 2 SYSTEMPATH\BaseModel.php(865): CodeIgniter\BaseModel->transformDataToArray([], 'insert')
 3 SYSTEMPATH\Model.php(668): CodeIgniter\BaseModel->insert([], true)
 4 APPPATH\Models\VenusModel.php(31): CodeIgniter\Model->insert([])
 5 APPPATH\Controllers\Venus.php(20): App\Models\VenusModel->createNewVenus([])
 6 SYSTEMPATH\CodeIgniter.php(951): App\Controllers\Venus->createVenus()
 7 SYSTEMPATH\CodeIgniter.php(497): CodeIgniter\CodeIgniter->runController(Object(App\Controllers\Venus))
 8 SYSTEMPATH\CodeIgniter.php(340): CodeIgniter\CodeIgniter->handleRequest(null, Object(Config\Cache), false)
 9 SYSTEMPATH\Boot.php(417): CodeIgniter\CodeIgniter->run()
10 SYSTEMPATH\Boot.php(68): CodeIgniter\Boot::runCodeIgniter(Object(CodeIgniter\CodeIgniter))
11 FCPATH\index.php(59): CodeIgniter\Boot::bootWeb(Object(Config\Paths))
12 SYSTEMPATH\rewrite.php(44): require_once('C:\\xampp\\htdocs\\MovieReact\\Admin\\admin_backend\\public\\index.php')
CRITICAL - 2026-04-22 11:06:54 --> Error: Call to undefined method CodeIgniter\Validation\Validation::setMessages()
[Method: POST, Route: createVenus]
in APPPATH\Controllers\Venus.php on line 32.
 1 SYSTEMPATH\CodeIgniter.php(951): App\Controllers\Venus->createVenus()
 2 SYSTEMPATH\CodeIgniter.php(497): CodeIgniter\CodeIgniter->runController(Object(App\Controllers\Venus))
 3 SYSTEMPATH\CodeIgniter.php(340): CodeIgniter\CodeIgniter->handleRequest(null, Object(Config\Cache), false)
 4 SYSTEMPATH\Boot.php(417): CodeIgniter\CodeIgniter->run()
 5 SYSTEMPATH\Boot.php(68): CodeIgniter\Boot::runCodeIgniter(Object(CodeIgniter\CodeIgniter))
 6 FCPATH\index.php(59): CodeIgniter\Boot::bootWeb(Object(Config\Paths))
 7 SYSTEMPATH\rewrite.php(44): require_once('C:\\xampp\\htdocs\\MovieReact\\Admin\\admin_backend\\public\\index.php')
WARNING - 2026-04-22 11:07:33 --> [DEPRECATED] Creation of dynamic property App\Controllers\Venus::$venusModel is deprecated in APPPATH\Controllers\Venus.php on line 14.
 1 SYSTEMPATH\CodeIgniter.php(921): App\Controllers\Venus->__construct()
 2 SYSTEMPATH\CodeIgniter.php(488): CodeIgniter\CodeIgniter->createController()
 3 SYSTEMPATH\CodeIgniter.php(340): CodeIgniter\CodeIgniter->handleRequest(null, Object(Config\Cache), false)
 4 SYSTEMPATH\Boot.php(417): CodeIgniter\CodeIgniter->run()
 5 SYSTEMPATH\Boot.php(68): CodeIgniter\Boot::runCodeIgniter(Object(CodeIgniter\CodeIgniter))
 6 FCPATH\index.php(59): CodeIgniter\Boot::bootWeb(Object(Config\Paths))
 7 SYSTEMPATH\rewrite.php(44): require_once('C:\\xampp\\htdocs\\MovieReact\\Admin\\admin_backend\\public\\index.php')
CRITICAL - 2026-04-22 11:07:33 --> Error: Call to undefined method CodeIgniter\Validation\Validation::setMessages()
[Method: POST, Route: createVenus]
in APPPATH\Controllers\Venus.php on line 32.
 1 SYSTEMPATH\CodeIgniter.php(951): App\Controllers\Venus->createVenus()
 2 SYSTEMPATH\CodeIgniter.php(497): CodeIgniter\CodeIgniter->runController(Object(App\Controllers\Venus))
 3 SYSTEMPATH\CodeIgniter.php(340): CodeIgniter\CodeIgniter->handleRequest(null, Object(Config\Cache), false)
 4 SYSTEMPATH\Boot.php(417): CodeIgniter\CodeIgniter->run()
 5 SYSTEMPATH\Boot.php(68): CodeIgniter\Boot::runCodeIgniter(Object(CodeIgniter\CodeIgniter))
 6 FCPATH\index.php(59): CodeIgniter\Boot::bootWeb(Object(Config\Paths))
 7 SYSTEMPATH\rewrite.php(44): require_once('C:\\xampp\\htdocs\\MovieReact\\Admin\\admin_backend\\public\\index.php')
WARNING - 2026-04-22 11:19:56 --> [DEPRECATED] Creation of dynamic property App\Controllers\Venus::$venusModel is deprecated in APPPATH\Controllers\Venus.php on line 14.
 1 SYSTEMPATH\CodeIgniter.php(921): App\Controllers\Venus->__construct()
 2 SYSTEMPATH\CodeIgniter.php(488): CodeIgniter\CodeIgniter->createController()
 3 SYSTEMPATH\CodeIgniter.php(340): CodeIgniter\CodeIgniter->handleRequest(null, Object(Config\Cache), false)
 4 SYSTEMPATH\Boot.php(417): CodeIgniter\CodeIgniter->run()
 5 SYSTEMPATH\Boot.php(68): CodeIgniter\Boot::runCodeIgniter(Object(CodeIgniter\CodeIgniter))
 6 FCPATH\index.php(59): CodeIgniter\Boot::bootWeb(Object(Config\Paths))
 7 SYSTEMPATH\rewrite.php(44): require_once('C:\\xampp\\htdocs\\MovieReact\\Admin\\admin_backend\\public\\index.php')
WARNING - 2026-04-22 11:20:35 --> [DEPRECATED] Creation of dynamic property App\Controllers\Venus::$venusModel is deprecated in APPPATH\Controllers\Venus.php on line 14.
 1 SYSTEMPATH\CodeIgniter.php(921): App\Controllers\Venus->__construct()
 2 SYSTEMPATH\CodeIgniter.php(488): CodeIgniter\CodeIgniter->createController()
 3 SYSTEMPATH\CodeIgniter.php(340): CodeIgniter\CodeIgniter->handleRequest(null, Object(Config\Cache), false)
 4 SYSTEMPATH\Boot.php(417): CodeIgniter\CodeIgniter->run()
 5 SYSTEMPATH\Boot.php(68): CodeIgniter\Boot::runCodeIgniter(Object(CodeIgniter\CodeIgniter))
 6 FCPATH\index.php(59): CodeIgniter\Boot::bootWeb(Object(Config\Paths))
 7 SYSTEMPATH\rewrite.php(44): require_once('C:\\xampp\\htdocs\\MovieReact\\Admin\\admin_backend\\public\\index.php')
WARNING - 2026-04-22 11:21:24 --> [DEPRECATED] Creation of dynamic property App\Controllers\Venus::$venusModel is deprecated in APPPATH\Controllers\Venus.php on line 14.
 1 SYSTEMPATH\CodeIgniter.php(921): App\Controllers\Venus->__construct()
 2 SYSTEMPATH\CodeIgniter.php(488): CodeIgniter\CodeIgniter->createController()
 3 SYSTEMPATH\CodeIgniter.php(340): CodeIgniter\CodeIgniter->handleRequest(null, Object(Config\Cache), false)
 4 SYSTEMPATH\Boot.php(417): CodeIgniter\CodeIgniter->run()
 5 SYSTEMPATH\Boot.php(68): CodeIgniter\Boot::runCodeIgniter(Object(CodeIgniter\CodeIgniter))
 6 FCPATH\index.php(59): CodeIgniter\Boot::bootWeb(Object(Config\Paths))
 7 SYSTEMPATH\rewrite.php(44): require_once('C:\\xampp\\htdocs\\MovieReact\\Admin\\admin_backend\\public\\index.php')
WARNING - 2026-04-22 11:24:44 --> [DEPRECATED] Creation of dynamic property App\Controllers\Venus::$venusModel is deprecated in APPPATH\Controllers\Venus.php on line 14.
 1 SYSTEMPATH\CodeIgniter.php(921): App\Controllers\Venus->__construct()
 2 SYSTEMPATH\CodeIgniter.php(488): CodeIgniter\CodeIgniter->createController()
 3 SYSTEMPATH\CodeIgniter.php(340): CodeIgniter\CodeIgniter->handleRequest(null, Object(Config\Cache), false)
 4 SYSTEMPATH\Boot.php(417): CodeIgniter\CodeIgniter->run()
 5 SYSTEMPATH\Boot.php(68): CodeIgniter\Boot::runCodeIgniter(Object(CodeIgniter\CodeIgniter))
 6 FCPATH\index.php(59): CodeIgniter\Boot::bootWeb(Object(Config\Paths))
 7 SYSTEMPATH\rewrite.php(44): require_once('C:\\xampp\\htdocs\\MovieReact\\Admin\\admin_backend\\public\\index.php')
WARNING - 2026-04-22 11:34:44 --> [DEPRECATED] Creation of dynamic property App\Controllers\Venus::$venusModel is deprecated in APPPATH\Controllers\Venus.php on line 14.
 1 SYSTEMPATH\CodeIgniter.php(921): App\Controllers\Venus->__construct()
 2 SYSTEMPATH\CodeIgniter.php(488): CodeIgniter\CodeIgniter->createController()
 3 SYSTEMPATH\CodeIgniter.php(340): CodeIgniter\CodeIgniter->handleRequest(null, Object(Config\Cache), false)
 4 SYSTEMPATH\Boot.php(417): CodeIgniter\CodeIgniter->run()
 5 SYSTEMPATH\Boot.php(68): CodeIgniter\Boot::runCodeIgniter(Object(CodeIgniter\CodeIgniter))
 6 FCPATH\index.php(59): CodeIgniter\Boot::bootWeb(Object(Config\Paths))
 7 SYSTEMPATH\rewrite.php(44): require_once('C:\\xampp\\htdocs\\MovieReact\\Admin\\admin_backend\\public\\index.php')
WARNING - 2026-04-22 11:43:51 --> [DEPRECATED] Creation of dynamic property App\Controllers\Venus::$venusModel is deprecated in APPPATH\Controllers\Venus.php on line 14.
 1 SYSTEMPATH\CodeIgniter.php(921): App\Controllers\Venus->__construct()
 2 SYSTEMPATH\CodeIgniter.php(488): CodeIgniter\CodeIgniter->createController()
 3 SYSTEMPATH\CodeIgniter.php(340): CodeIgniter\CodeIgniter->handleRequest(null, Object(Config\Cache), false)
 4 SYSTEMPATH\Boot.php(417): CodeIgniter\CodeIgniter->run()
 5 SYSTEMPATH\Boot.php(68): CodeIgniter\Boot::runCodeIgniter(Object(CodeIgniter\CodeIgniter))
 6 FCPATH\index.php(59): CodeIgniter\Boot::bootWeb(Object(Config\Paths))
 7 SYSTEMPATH\rewrite.php(44): require_once('C:\\xampp\\htdocs\\MovieReact\\Admin\\admin_backend\\public\\index.php')
WARNING - 2026-04-22 11:44:01 --> [DEPRECATED] Creation of dynamic property App\Controllers\Venus::$venusModel is deprecated in APPPATH\Controllers\Venus.php on line 14.
 1 SYSTEMPATH\CodeIgniter.php(921): App\Controllers\Venus->__construct()
 2 SYSTEMPATH\CodeIgniter.php(488): CodeIgniter\CodeIgniter->createController()
 3 SYSTEMPATH\CodeIgniter.php(340): CodeIgniter\CodeIgniter->handleRequest(null, Object(Config\Cache), false)
 4 SYSTEMPATH\Boot.php(417): CodeIgniter\CodeIgniter->run()
 5 SYSTEMPATH\Boot.php(68): CodeIgniter\Boot::runCodeIgniter(Object(CodeIgniter\CodeIgniter))
 6 FCPATH\index.php(59): CodeIgniter\Boot::bootWeb(Object(Config\Paths))
 7 SYSTEMPATH\rewrite.php(44): require_once('C:\\xampp\\htdocs\\MovieReact\\Admin\\admin_backend\\public\\index.php')
WARNING - 2026-04-22 11:44:01 --> [DEPRECATED] Creation of dynamic property App\Controllers\Venus::$venusModel is deprecated in APPPATH\Controllers\Venus.php on line 14.
 1 SYSTEMPATH\CodeIgniter.php(921): App\Controllers\Venus->__construct()
 2 SYSTEMPATH\CodeIgniter.php(488): CodeIgniter\CodeIgniter->createController()
 3 SYSTEMPATH\CodeIgniter.php(340): CodeIgniter\CodeIgniter->handleRequest(null, Object(Config\Cache), false)
 4 SYSTEMPATH\Boot.php(417): CodeIgniter\CodeIgniter->run()
 5 SYSTEMPATH\Boot.php(68): CodeIgniter\Boot::runCodeIgniter(Object(CodeIgniter\CodeIgniter))
 6 FCPATH\index.php(59): CodeIgniter\Boot::bootWeb(Object(Config\Paths))
 7 SYSTEMPATH\rewrite.php(44): require_once('C:\\xampp\\htdocs\\MovieReact\\Admin\\admin_backend\\public\\index.php')
WARNING - 2026-04-22 11:44:01 --> [DEPRECATED] Creation of dynamic property App\Controllers\Venus::$venusModel is deprecated in APPPATH\Controllers\Venus.php on line 14.
 1 SYSTEMPATH\CodeIgniter.php(921): App\Controllers\Venus->__construct()
 2 SYSTEMPATH\CodeIgniter.php(488): CodeIgniter\CodeIgniter->createController()
 3 SYSTEMPATH\CodeIgniter.php(340): CodeIgniter\CodeIgniter->handleRequest(null, Object(Config\Cache), false)
 4 SYSTEMPATH\Boot.php(417): CodeIgniter\CodeIgniter->run()
 5 SYSTEMPATH\Boot.php(68): CodeIgniter\Boot::runCodeIgniter(Object(CodeIgniter\CodeIgniter))
 6 FCPATH\index.php(59): CodeIgniter\Boot::bootWeb(Object(Config\Paths))
 7 SYSTEMPATH\rewrite.php(44): require_once('C:\\xampp\\htdocs\\MovieReact\\Admin\\admin_backend\\public\\index.php')
WARNING - 2026-04-22 11:45:08 --> [DEPRECATED] Creation of dynamic property App\Controllers\Venus::$venusModel is deprecated in APPPATH\Controllers\Venus.php on line 14.
 1 SYSTEMPATH\CodeIgniter.php(921): App\Controllers\Venus->__construct()
 2 SYSTEMPATH\CodeIgniter.php(488): CodeIgniter\CodeIgniter->createController()
 3 SYSTEMPATH\CodeIgniter.php(340): CodeIgniter\CodeIgniter->handleRequest(null, Object(Config\Cache), false)
 4 SYSTEMPATH\Boot.php(417): CodeIgniter\CodeIgniter->run()
 5 SYSTEMPATH\Boot.php(68): CodeIgniter\Boot::runCodeIgniter(Object(CodeIgniter\CodeIgniter))
 6 FCPATH\index.php(59): CodeIgniter\Boot::bootWeb(Object(Config\Paths))
 7 SYSTEMPATH\rewrite.php(44): require_once('C:\\xampp\\htdocs\\MovieReact\\Admin\\admin_backend\\public\\index.php')
WARNING - 2026-04-22 11:45:32 --> [DEPRECATED] Creation of dynamic property App\Controllers\Venus::$venusModel is deprecated in APPPATH\Controllers\Venus.php on line 14.
 1 SYSTEMPATH\CodeIgniter.php(921): App\Controllers\Venus->__construct()
 2 SYSTEMPATH\CodeIgniter.php(488): CodeIgniter\CodeIgniter->createController()
 3 SYSTEMPATH\CodeIgniter.php(340): CodeIgniter\CodeIgniter->handleRequest(null, Object(Config\Cache), false)
 4 SYSTEMPATH\Boot.php(417): CodeIgniter\CodeIgniter->run()
 5 SYSTEMPATH\Boot.php(68): CodeIgniter\Boot::runCodeIgniter(Object(CodeIgniter\CodeIgniter))
 6 FCPATH\index.php(59): CodeIgniter\Boot::bootWeb(Object(Config\Paths))
 7 SYSTEMPATH\rewrite.php(44): require_once('C:\\xampp\\htdocs\\MovieReact\\Admin\\admin_backend\\public\\index.php')
WARNING - 2026-04-22 11:45:38 --> [DEPRECATED] Creation of dynamic property App\Controllers\Venus::$venusModel is deprecated in APPPATH\Controllers\Venus.php on line 14.
 1 SYSTEMPATH\CodeIgniter.php(921): App\Controllers\Venus->__construct()
 2 SYSTEMPATH\CodeIgniter.php(488): CodeIgniter\CodeIgniter->createController()
 3 SYSTEMPATH\CodeIgniter.php(340): CodeIgniter\CodeIgniter->handleRequest(null, Object(Config\Cache), false)
 4 SYSTEMPATH\Boot.php(417): CodeIgniter\CodeIgniter->run()
 5 SYSTEMPATH\Boot.php(68): CodeIgniter\Boot::runCodeIgniter(Object(CodeIgniter\CodeIgniter))
 6 FCPATH\index.php(59): CodeIgniter\Boot::bootWeb(Object(Config\Paths))
 7 SYSTEMPATH\rewrite.php(44): require_once('C:\\xampp\\htdocs\\MovieReact\\Admin\\admin_backend\\public\\index.php')
WARNING - 2026-04-22 11:45:39 --> [DEPRECATED] Creation of dynamic property App\Controllers\Venus::$venusModel is deprecated in APPPATH\Controllers\Venus.php on line 14.
 1 SYSTEMPATH\CodeIgniter.php(921): App\Controllers\Venus->__construct()
 2 SYSTEMPATH\CodeIgniter.php(488): CodeIgniter\CodeIgniter->createController()
 3 SYSTEMPATH\CodeIgniter.php(340): CodeIgniter\CodeIgniter->handleRequest(null, Object(Config\Cache), false)
 4 SYSTEMPATH\Boot.php(417): CodeIgniter\CodeIgniter->run()
 5 SYSTEMPATH\Boot.php(68): CodeIgniter\Boot::runCodeIgniter(Object(CodeIgniter\CodeIgniter))
 6 FCPATH\index.php(59): CodeIgniter\Boot::bootWeb(Object(Config\Paths))
 7 SYSTEMPATH\rewrite.php(44): require_once('C:\\xampp\\htdocs\\MovieReact\\Admin\\admin_backend\\public\\index.php')
WARNING - 2026-04-22 11:52:24 --> [DEPRECATED] Creation of dynamic property App\Controllers\Venus::$venusModel is deprecated in APPPATH\Controllers\Venus.php on line 14.
 1 SYSTEMPATH\CodeIgniter.php(921): App\Controllers\Venus->__construct()
 2 SYSTEMPATH\CodeIgniter.php(488): CodeIgniter\CodeIgniter->createController()
 3 SYSTEMPATH\CodeIgniter.php(340): CodeIgniter\CodeIgniter->handleRequest(null, Object(Config\Cache), false)
 4 SYSTEMPATH\Boot.php(417): CodeIgniter\CodeIgniter->run()
 5 SYSTEMPATH\Boot.php(68): CodeIgniter\Boot::runCodeIgniter(Object(CodeIgniter\CodeIgniter))
 6 FCPATH\index.php(59): CodeIgniter\Boot::bootWeb(Object(Config\Paths))
 7 SYSTEMPATH\rewrite.php(44): require_once('C:\\xampp\\htdocs\\MovieReact\\Admin\\admin_backend\\public\\index.php')
WARNING - 2026-04-22 12:26:30 --> [DEPRECATED] Creation of dynamic property App\Controllers\Venus::$venusModel is deprecated in APPPATH\Controllers\Venus.php on line 14.
 1 SYSTEMPATH\CodeIgniter.php(921): App\Controllers\Venus->__construct()
 2 SYSTEMPATH\CodeIgniter.php(488): CodeIgniter\CodeIgniter->createController()
 3 SYSTEMPATH\CodeIgniter.php(340): CodeIgniter\CodeIgniter->handleRequest(null, Object(Config\Cache), false)
 4 SYSTEMPATH\Boot.php(417): CodeIgniter\CodeIgniter->run()
 5 SYSTEMPATH\Boot.php(68): CodeIgniter\Boot::runCodeIgniter(Object(CodeIgniter\CodeIgniter))
 6 FCPATH\index.php(59): CodeIgniter\Boot::bootWeb(Object(Config\Paths))
 7 SYSTEMPATH\rewrite.php(44): require_once('C:\\xampp\\htdocs\\MovieReact\\Admin\\admin_backend\\public\\index.php')
WARNING - 2026-04-22 12:26:48 --> [DEPRECATED] Creation of dynamic property App\Controllers\Venus::$venusModel is deprecated in APPPATH\Controllers\Venus.php on line 14.
 1 SYSTEMPATH\CodeIgniter.php(921): App\Controllers\Venus->__construct()
 2 SYSTEMPATH\CodeIgniter.php(488): CodeIgniter\CodeIgniter->createController()
 3 SYSTEMPATH\CodeIgniter.php(340): CodeIgniter\CodeIgniter->handleRequest(null, Object(Config\Cache), false)
 4 SYSTEMPATH\Boot.php(417): CodeIgniter\CodeIgniter->run()
 5 SYSTEMPATH\Boot.php(68): CodeIgniter\Boot::runCodeIgniter(Object(CodeIgniter\CodeIgniter))
 6 FCPATH\index.php(59): CodeIgniter\Boot::bootWeb(Object(Config\Paths))
 7 SYSTEMPATH\rewrite.php(44): require_once('C:\\xampp\\htdocs\\MovieReact\\Admin\\admin_backend\\public\\index.php')
WARNING - 2026-04-22 12:27:37 --> [DEPRECATED] Creation of dynamic property App\Controllers\Venus::$venusModel is deprecated in APPPATH\Controllers\Venus.php on line 14.
 1 SYSTEMPATH\CodeIgniter.php(921): App\Controllers\Venus->__construct()
 2 SYSTEMPATH\CodeIgniter.php(488): CodeIgniter\CodeIgniter->createController()
 3 SYSTEMPATH\CodeIgniter.php(340): CodeIgniter\CodeIgniter->handleRequest(null, Object(Config\Cache), false)
 4 SYSTEMPATH\Boot.php(417): CodeIgniter\CodeIgniter->run()
 5 SYSTEMPATH\Boot.php(68): CodeIgniter\Boot::runCodeIgniter(Object(CodeIgniter\CodeIgniter))
 6 FCPATH\index.php(59): CodeIgniter\Boot::bootWeb(Object(Config\Paths))
 7 SYSTEMPATH\rewrite.php(44): require_once('C:\\xampp\\htdocs\\MovieReact\\Admin\\admin_backend\\public\\index.php')
WARNING - 2026-04-22 12:27:43 --> [DEPRECATED] Creation of dynamic property App\Controllers\Venus::$venusModel is deprecated in APPPATH\Controllers\Venus.php on line 14.
 1 SYSTEMPATH\CodeIgniter.php(921): App\Controllers\Venus->__construct()
 2 SYSTEMPATH\CodeIgniter.php(488): CodeIgniter\CodeIgniter->createController()
 3 SYSTEMPATH\CodeIgniter.php(340): CodeIgniter\CodeIgniter->handleRequest(null, Object(Config\Cache), false)
 4 SYSTEMPATH\Boot.php(417): CodeIgniter\CodeIgniter->run()
 5 SYSTEMPATH\Boot.php(68): CodeIgniter\Boot::runCodeIgniter(Object(CodeIgniter\CodeIgniter))
 6 FCPATH\index.php(59): CodeIgniter\Boot::bootWeb(Object(Config\Paths))
 7 SYSTEMPATH\rewrite.php(44): require_once('C:\\xampp\\htdocs\\MovieReact\\Admin\\admin_backend\\public\\index.php')
WARNING - 2026-04-22 12:28:02 --> [DEPRECATED] Creation of dynamic property App\Controllers\Venus::$venusModel is deprecated in APPPATH\Controllers\Venus.php on line 14.
 1 SYSTEMPATH\CodeIgniter.php(921): App\Controllers\Venus->__construct()
 2 SYSTEMPATH\CodeIgniter.php(488): CodeIgniter\CodeIgniter->createController()
 3 SYSTEMPATH\CodeIgniter.php(340): CodeIgniter\CodeIgniter->handleRequest(null, Object(Config\Cache), false)
 4 SYSTEMPATH\Boot.php(417): CodeIgniter\CodeIgniter->run()
 5 SYSTEMPATH\Boot.php(68): CodeIgniter\Boot::runCodeIgniter(Object(CodeIgniter\CodeIgniter))
 6 FCPATH\index.php(59): CodeIgniter\Boot::bootWeb(Object(Config\Paths))
 7 SYSTEMPATH\rewrite.php(44): require_once('C:\\xampp\\htdocs\\MovieReact\\Admin\\admin_backend\\public\\index.php')
WARNING - 2026-04-22 12:28:19 --> [DEPRECATED] Creation of dynamic property App\Controllers\Venus::$venusModel is deprecated in APPPATH\Controllers\Venus.php on line 14.
 1 SYSTEMPATH\CodeIgniter.php(921): App\Controllers\Venus->__construct()
 2 SYSTEMPATH\CodeIgniter.php(488): CodeIgniter\CodeIgniter->createController()
 3 SYSTEMPATH\CodeIgniter.php(340): CodeIgniter\CodeIgniter->handleRequest(null, Object(Config\Cache), false)
 4 SYSTEMPATH\Boot.php(417): CodeIgniter\CodeIgniter->run()
 5 SYSTEMPATH\Boot.php(68): CodeIgniter\Boot::runCodeIgniter(Object(CodeIgniter\CodeIgniter))
 6 FCPATH\index.php(59): CodeIgniter\Boot::bootWeb(Object(Config\Paths))
 7 SYSTEMPATH\rewrite.php(44): require_once('C:\\xampp\\htdocs\\MovieReact\\Admin\\admin_backend\\public\\index.php')
WARNING - 2026-04-22 12:28:24 --> [DEPRECATED] Creation of dynamic property App\Controllers\Venus::$venusModel is deprecated in APPPATH\Controllers\Venus.php on line 14.
 1 SYSTEMPATH\CodeIgniter.php(921): App\Controllers\Venus->__construct()
 2 SYSTEMPATH\CodeIgniter.php(488): CodeIgniter\CodeIgniter->createController()
 3 SYSTEMPATH\CodeIgniter.php(340): CodeIgniter\CodeIgniter->handleRequest(null, Object(Config\Cache), false)
 4 SYSTEMPATH\Boot.php(417): CodeIgniter\CodeIgniter->run()
 5 SYSTEMPATH\Boot.php(68): CodeIgniter\Boot::runCodeIgniter(Object(CodeIgniter\CodeIgniter))
 6 FCPATH\index.php(59): CodeIgniter\Boot::bootWeb(Object(Config\Paths))
 7 SYSTEMPATH\rewrite.php(44): require_once('C:\\xampp\\htdocs\\MovieReact\\Admin\\admin_backend\\public\\index.php')
WARNING - 2026-04-22 12:28:44 --> [DEPRECATED] Creation of dynamic property App\Controllers\Venus::$venusModel is deprecated in APPPATH\Controllers\Venus.php on line 14.
 1 SYSTEMPATH\CodeIgniter.php(921): App\Controllers\Venus->__construct()
 2 SYSTEMPATH\CodeIgniter.php(488): CodeIgniter\CodeIgniter->createController()
 3 SYSTEMPATH\CodeIgniter.php(340): CodeIgniter\CodeIgniter->handleRequest(null, Object(Config\Cache), false)
 4 SYSTEMPATH\Boot.php(417): CodeIgniter\CodeIgniter->run()
 5 SYSTEMPATH\Boot.php(68): CodeIgniter\Boot::runCodeIgniter(Object(CodeIgniter\CodeIgniter))
 6 FCPATH\index.php(59): CodeIgniter\Boot::bootWeb(Object(Config\Paths))
 7 SYSTEMPATH\rewrite.php(44): require_once('C:\\xampp\\htdocs\\MovieReact\\Admin\\admin_backend\\public\\index.php')
WARNING - 2026-04-22 12:29:30 --> [DEPRECATED] Creation of dynamic property App\Controllers\Venus::$venusModel is deprecated in APPPATH\Controllers\Venus.php on line 14.
 1 SYSTEMPATH\CodeIgniter.php(921): App\Controllers\Venus->__construct()
 2 SYSTEMPATH\CodeIgniter.php(488): CodeIgniter\CodeIgniter->createController()
 3 SYSTEMPATH\CodeIgniter.php(340): CodeIgniter\CodeIgniter->handleRequest(null, Object(Config\Cache), false)
 4 SYSTEMPATH\Boot.php(417): CodeIgniter\CodeIgniter->run()
 5 SYSTEMPATH\Boot.php(68): CodeIgniter\Boot::runCodeIgniter(Object(CodeIgniter\CodeIgniter))
 6 FCPATH\index.php(59): CodeIgniter\Boot::bootWeb(Object(Config\Paths))
 7 SYSTEMPATH\rewrite.php(44): require_once('C:\\xampp\\htdocs\\MovieReact\\Admin\\admin_backend\\public\\index.php')
WARNING - 2026-04-22 12:29:54 --> [DEPRECATED] Creation of dynamic property App\Controllers\Venus::$venusModel is deprecated in APPPATH\Controllers\Venus.php on line 14.
 1 SYSTEMPATH\CodeIgniter.php(921): App\Controllers\Venus->__construct()
 2 SYSTEMPATH\CodeIgniter.php(488): CodeIgniter\CodeIgniter->createController()
 3 SYSTEMPATH\CodeIgniter.php(340): CodeIgniter\CodeIgniter->handleRequest(null, Object(Config\Cache), false)
 4 SYSTEMPATH\Boot.php(417): CodeIgniter\CodeIgniter->run()
 5 SYSTEMPATH\Boot.php(68): CodeIgniter\Boot::runCodeIgniter(Object(CodeIgniter\CodeIgniter))
 6 FCPATH\index.php(59): CodeIgniter\Boot::bootWeb(Object(Config\Paths))
 7 SYSTEMPATH\rewrite.php(44): require_once('C:\\xampp\\htdocs\\MovieReact\\Admin\\admin_backend\\public\\index.php')
WARNING - 2026-04-22 12:30:03 --> [DEPRECATED] Creation of dynamic property App\Controllers\Venus::$venusModel is deprecated in APPPATH\Controllers\Venus.php on line 14.
 1 SYSTEMPATH\CodeIgniter.php(921): App\Controllers\Venus->__construct()
 2 SYSTEMPATH\CodeIgniter.php(488): CodeIgniter\CodeIgniter->createController()
 3 SYSTEMPATH\CodeIgniter.php(340): CodeIgniter\CodeIgniter->handleRequest(null, Object(Config\Cache), false)
 4 SYSTEMPATH\Boot.php(417): CodeIgniter\CodeIgniter->run()
 5 SYSTEMPATH\Boot.php(68): CodeIgniter\Boot::runCodeIgniter(Object(CodeIgniter\CodeIgniter))
 6 FCPATH\index.php(59): CodeIgniter\Boot::bootWeb(Object(Config\Paths))
 7 SYSTEMPATH\rewrite.php(44): require_once('C:\\xampp\\htdocs\\MovieReact\\Admin\\admin_backend\\public\\index.php')
WARNING - 2026-04-22 12:30:41 --> [DEPRECATED] Creation of dynamic property App\Controllers\Venus::$venusModel is deprecated in APPPATH\Controllers\Venus.php on line 14.
 1 SYSTEMPATH\CodeIgniter.php(921): App\Controllers\Venus->__construct()
 2 SYSTEMPATH\CodeIgniter.php(488): CodeIgniter\CodeIgniter->createController()
 3 SYSTEMPATH\CodeIgniter.php(340): CodeIgniter\CodeIgniter->handleRequest(null, Object(Config\Cache), false)
 4 SYSTEMPATH\Boot.php(417): CodeIgniter\CodeIgniter->run()
 5 SYSTEMPATH\Boot.php(68): CodeIgniter\Boot::runCodeIgniter(Object(CodeIgniter\CodeIgniter))
 6 FCPATH\index.php(59): CodeIgniter\Boot::bootWeb(Object(Config\Paths))
 7 SYSTEMPATH\rewrite.php(44): require_once('C:\\xampp\\htdocs\\MovieReact\\Admin\\admin_backend\\public\\index.php')
WARNING - 2026-04-22 12:30:43 --> [DEPRECATED] Creation of dynamic property App\Controllers\Venus::$venusModel is deprecated in APPPATH\Controllers\Venus.php on line 14.
 1 SYSTEMPATH\CodeIgniter.php(921): App\Controllers\Venus->__construct()
 2 SYSTEMPATH\CodeIgniter.php(488): CodeIgniter\CodeIgniter->createController()
 3 SYSTEMPATH\CodeIgniter.php(340): CodeIgniter\CodeIgniter->handleRequest(null, Object(Config\Cache), false)
 4 SYSTEMPATH\Boot.php(417): CodeIgniter\CodeIgniter->run()
 5 SYSTEMPATH\Boot.php(68): CodeIgniter\Boot::runCodeIgniter(Object(CodeIgniter\CodeIgniter))
 6 FCPATH\index.php(59): CodeIgniter\Boot::bootWeb(Object(Config\Paths))
 7 SYSTEMPATH\rewrite.php(44): require_once('C:\\xampp\\htdocs\\MovieReact\\Admin\\admin_backend\\public\\index.php')
WARNING - 2026-04-22 12:30:47 --> [DEPRECATED] Creation of dynamic property App\Controllers\Venus::$venusModel is deprecated in APPPATH\Controllers\Venus.php on line 14.
 1 SYSTEMPATH\CodeIgniter.php(921): App\Controllers\Venus->__construct()
 2 SYSTEMPATH\CodeIgniter.php(488): CodeIgniter\CodeIgniter->createController()
 3 SYSTEMPATH\CodeIgniter.php(340): CodeIgniter\CodeIgniter->handleRequest(null, Object(Config\Cache), false)
 4 SYSTEMPATH\Boot.php(417): CodeIgniter\CodeIgniter->run()
 5 SYSTEMPATH\Boot.php(68): CodeIgniter\Boot::runCodeIgniter(Object(CodeIgniter\CodeIgniter))
 6 FCPATH\index.php(59): CodeIgniter\Boot::bootWeb(Object(Config\Paths))
 7 SYSTEMPATH\rewrite.php(44): require_once('C:\\xampp\\htdocs\\MovieReact\\Admin\\admin_backend\\public\\index.php')
WARNING - 2026-04-22 12:31:59 --> [DEPRECATED] Creation of dynamic property App\Controllers\Venus::$venusModel is deprecated in APPPATH\Controllers\Venus.php on line 14.
 1 SYSTEMPATH\CodeIgniter.php(921): App\Controllers\Venus->__construct()
 2 SYSTEMPATH\CodeIgniter.php(488): CodeIgniter\CodeIgniter->createController()
 3 SYSTEMPATH\CodeIgniter.php(340): CodeIgniter\CodeIgniter->handleRequest(null, Object(Config\Cache), false)
 4 SYSTEMPATH\Boot.php(417): CodeIgniter\CodeIgniter->run()
 5 SYSTEMPATH\Boot.php(68): CodeIgniter\Boot::runCodeIgniter(Object(CodeIgniter\CodeIgniter))
 6 FCPATH\index.php(59): CodeIgniter\Boot::bootWeb(Object(Config\Paths))
 7 SYSTEMPATH\rewrite.php(44): require_once('C:\\xampp\\htdocs\\MovieReact\\Admin\\admin_backend\\public\\index.php')
WARNING - 2026-04-22 12:32:10 --> [DEPRECATED] Creation of dynamic property App\Controllers\Venus::$venusModel is deprecated in APPPATH\Controllers\Venus.php on line 14.
 1 SYSTEMPATH\CodeIgniter.php(921): App\Controllers\Venus->__construct()
 2 SYSTEMPATH\CodeIgniter.php(488): CodeIgniter\CodeIgniter->createController()
 3 SYSTEMPATH\CodeIgniter.php(340): CodeIgniter\CodeIgniter->handleRequest(null, Object(Config\Cache), false)
 4 SYSTEMPATH\Boot.php(417): CodeIgniter\CodeIgniter->run()
 5 SYSTEMPATH\Boot.php(68): CodeIgniter\Boot::runCodeIgniter(Object(CodeIgniter\CodeIgniter))
 6 FCPATH\index.php(59): CodeIgniter\Boot::bootWeb(Object(Config\Paths))
 7 SYSTEMPATH\rewrite.php(44): require_once('C:\\xampp\\htdocs\\MovieReact\\Admin\\admin_backend\\public\\index.php')
WARNING - 2026-04-22 12:32:43 --> [DEPRECATED] Creation of dynamic property App\Controllers\Venus::$venusModel is deprecated in APPPATH\Controllers\Venus.php on line 14.
 1 SYSTEMPATH\CodeIgniter.php(921): App\Controllers\Venus->__construct()
 2 SYSTEMPATH\CodeIgniter.php(488): CodeIgniter\CodeIgniter->createController()
 3 SYSTEMPATH\CodeIgniter.php(340): CodeIgniter\CodeIgniter->handleRequest(null, Object(Config\Cache), false)
 4 SYSTEMPATH\Boot.php(417): CodeIgniter\CodeIgniter->run()
 5 SYSTEMPATH\Boot.php(68): CodeIgniter\Boot::runCodeIgniter(Object(CodeIgniter\CodeIgniter))
 6 FCPATH\index.php(59): CodeIgniter\Boot::bootWeb(Object(Config\Paths))
 7 SYSTEMPATH\rewrite.php(44): require_once('C:\\xampp\\htdocs\\MovieReact\\Admin\\admin_backend\\public\\index.php')
WARNING - 2026-04-22 12:34:45 --> [DEPRECATED] Creation of dynamic property App\Controllers\Venus::$venusModel is deprecated in APPPATH\Controllers\Venus.php on line 14.
 1 SYSTEMPATH\CodeIgniter.php(921): App\Controllers\Venus->__construct()
 2 SYSTEMPATH\CodeIgniter.php(488): CodeIgniter\CodeIgniter->createController()
 3 SYSTEMPATH\CodeIgniter.php(340): CodeIgniter\CodeIgniter->handleRequest(null, Object(Config\Cache), false)
 4 SYSTEMPATH\Boot.php(417): CodeIgniter\CodeIgniter->run()
 5 SYSTEMPATH\Boot.php(68): CodeIgniter\Boot::runCodeIgniter(Object(CodeIgniter\CodeIgniter))
 6 FCPATH\index.php(59): CodeIgniter\Boot::bootWeb(Object(Config\Paths))
 7 SYSTEMPATH\rewrite.php(44): require_once('C:\\xampp\\htdocs\\MovieReact\\Admin\\admin_backend\\public\\index.php')
WARNING - 2026-04-22 12:39:18 --> [DEPRECATED] Creation of dynamic property App\Controllers\Venus::$venusModel is deprecated in APPPATH\Controllers\Venus.php on line 14.
 1 SYSTEMPATH\CodeIgniter.php(921): App\Controllers\Venus->__construct()
 2 SYSTEMPATH\CodeIgniter.php(488): CodeIgniter\CodeIgniter->createController()
 3 SYSTEMPATH\CodeIgniter.php(340): CodeIgniter\CodeIgniter->handleRequest(null, Object(Config\Cache), false)
 4 SYSTEMPATH\Boot.php(417): CodeIgniter\CodeIgniter->run()
 5 SYSTEMPATH\Boot.php(68): CodeIgniter\Boot::runCodeIgniter(Object(CodeIgniter\CodeIgniter))
 6 FCPATH\index.php(59): CodeIgniter\Boot::bootWeb(Object(Config\Paths))
 7 SYSTEMPATH\rewrite.php(44): require_once('C:\\xampp\\htdocs\\MovieReact\\Admin\\admin_backend\\public\\index.php')
