WARNING - 2026-04-23 09:34:17 --> [DEPRECATED] Creation of dynamic property App\Controllers\Venus::$venusModel is deprecated in APPPATH\Controllers\Venus.php on line 14.
 1 SYSTEMPATH\CodeIgniter.php(921): App\Controllers\Venus->__construct()
 2 SYSTEMPATH\CodeIgniter.php(488): CodeIgniter\CodeIgniter->createController()
 3 SYSTEMPATH\CodeIgniter.php(340): CodeIgniter\CodeIgniter->handleRequest(null, Object(Config\Cache), false)
 4 SYSTEMPATH\Boot.php(417): CodeIgniter\CodeIgniter->run()
 5 SYSTEMPATH\Boot.php(68): CodeIgniter\Boot::runCodeIgniter(Object(CodeIgniter\CodeIgniter))
 6 FCPATH\index.php(59): CodeIgniter\Boot::bootWeb(Object(Config\Paths))
 7 SYSTEMPATH\rewrite.php(44): require_once('C:\\xampp\\htdocs\\MovieReact\\Admin\\admin_backend\\public\\index.php')
WARNING - 2026-04-23 09:38:13 --> [DEPRECATED] Creation of dynamic property App\Controllers\Venus::$venusModel is deprecated in APPPATH\Controllers\Venus.php on line 14.
 1 SYSTEMPATH\CodeIgniter.php(921): App\Controllers\Venus->__construct()
 2 SYSTEMPATH\CodeIgniter.php(488): CodeIgniter\CodeIgniter->createController()
 3 SYSTEMPATH\CodeIgniter.php(340): CodeIgniter\CodeIgniter->handleRequest(null, Object(Config\Cache), false)
 4 SYSTEMPATH\Boot.php(417): CodeIgniter\CodeIgniter->run()
 5 SYSTEMPATH\Boot.php(68): CodeIgniter\Boot::runCodeIgniter(Object(CodeIgniter\CodeIgniter))
 6 FCPATH\index.php(59): CodeIgniter\Boot::bootWeb(Object(Config\Paths))
 7 SYSTEMPATH\rewrite.php(44): require_once('C:\\xampp\\htdocs\\MovieReact\\Admin\\admin_backend\\public\\index.php')
WARNING - 2026-04-23 09:39:27 --> [DEPRECATED] Creation of dynamic property App\Controllers\Venus::$venusModel is deprecated in APPPATH\Controllers\Venus.php on line 14.
 1 SYSTEMPATH\CodeIgniter.php(921): App\Controllers\Venus->__construct()
 2 SYSTEMPATH\CodeIgniter.php(488): CodeIgniter\CodeIgniter->createController()
 3 SYSTEMPATH\CodeIgniter.php(340): CodeIgniter\CodeIgniter->handleRequest(null, Object(Config\Cache), false)
 4 SYSTEMPATH\Boot.php(417): CodeIgniter\CodeIgniter->run()
 5 SYSTEMPATH\Boot.php(68): CodeIgniter\Boot::runCodeIgniter(Object(CodeIgniter\CodeIgniter))
 6 FCPATH\index.php(59): CodeIgniter\Boot::bootWeb(Object(Config\Paths))
 7 SYSTEMPATH\rewrite.php(44): require_once('C:\\xampp\\htdocs\\MovieReact\\Admin\\admin_backend\\public\\index.php')
WARNING - 2026-04-23 09:41:36 --> [DEPRECATED] Creation of dynamic property App\Controllers\Venus::$venusModel is deprecated in APPPATH\Controllers\Venus.php on line 14.
 1 SYSTEMPATH\CodeIgniter.php(921): App\Controllers\Venus->__construct()
 2 SYSTEMPATH\CodeIgniter.php(488): CodeIgniter\CodeIgniter->createController()
 3 SYSTEMPATH\CodeIgniter.php(340): CodeIgniter\CodeIgniter->handleRequest(null, Object(Config\Cache), false)
 4 SYSTEMPATH\Boot.php(417): CodeIgniter\CodeIgniter->run()
 5 SYSTEMPATH\Boot.php(68): CodeIgniter\Boot::runCodeIgniter(Object(CodeIgniter\CodeIgniter))
 6 FCPATH\index.php(59): CodeIgniter\Boot::bootWeb(Object(Config\Paths))
 7 SYSTEMPATH\rewrite.php(44): require_once('C:\\xampp\\htdocs\\MovieReact\\Admin\\admin_backend\\public\\index.php')
WARNING - 2026-04-23 09:41:45 --> [DEPRECATED] Creation of dynamic property App\Controllers\Venus::$venusModel is deprecated in APPPATH\Controllers\Venus.php on line 14.
 1 SYSTEMPATH\CodeIgniter.php(921): App\Controllers\Venus->__construct()
 2 SYSTEMPATH\CodeIgniter.php(488): CodeIgniter\CodeIgniter->createController()
 3 SYSTEMPATH\CodeIgniter.php(340): CodeIgniter\CodeIgniter->handleRequest(null, Object(Config\Cache), false)
 4 SYSTEMPATH\Boot.php(417): CodeIgniter\CodeIgniter->run()
 5 SYSTEMPATH\Boot.php(68): CodeIgniter\Boot::runCodeIgniter(Object(CodeIgniter\CodeIgniter))
 6 FCPATH\index.php(59): CodeIgniter\Boot::bootWeb(Object(Config\Paths))
 7 SYSTEMPATH\rewrite.php(44): require_once('C:\\xampp\\htdocs\\MovieReact\\Admin\\admin_backend\\public\\index.php')
WARNING - 2026-04-23 09:41:52 --> [DEPRECATED] Creation of dynamic property App\Controllers\Venus::$venusModel is deprecated in APPPATH\Controllers\Venus.php on line 14.
 1 SYSTEMPATH\CodeIgniter.php(921): App\Controllers\Venus->__construct()
 2 SYSTEMPATH\CodeIgniter.php(488): CodeIgniter\CodeIgniter->createController()
 3 SYSTEMPATH\CodeIgniter.php(340): CodeIgniter\CodeIgniter->handleRequest(null, Object(Config\Cache), false)
 4 SYSTEMPATH\Boot.php(417): CodeIgniter\CodeIgniter->run()
 5 SYSTEMPATH\Boot.php(68): CodeIgniter\Boot::runCodeIgniter(Object(CodeIgniter\CodeIgniter))
 6 FCPATH\index.php(59): CodeIgniter\Boot::bootWeb(Object(Config\Paths))
 7 SYSTEMPATH\rewrite.php(44): require_once('C:\\xampp\\htdocs\\MovieReact\\Admin\\admin_backend\\public\\index.php')
WARNING - 2026-04-23 09:41:58 --> [DEPRECATED] Creation of dynamic property App\Controllers\Venus::$venusModel is deprecated in APPPATH\Controllers\Venus.php on line 14.
 1 SYSTEMPATH\CodeIgniter.php(921): App\Controllers\Venus->__construct()
 2 SYSTEMPATH\CodeIgniter.php(488): CodeIgniter\CodeIgniter->createController()
 3 SYSTEMPATH\CodeIgniter.php(340): CodeIgniter\CodeIgniter->handleRequest(null, Object(Config\Cache), false)
 4 SYSTEMPATH\Boot.php(417): CodeIgniter\CodeIgniter->run()
 5 SYSTEMPATH\Boot.php(68): CodeIgniter\Boot::runCodeIgniter(Object(CodeIgniter\CodeIgniter))
 6 FCPATH\index.php(59): CodeIgniter\Boot::bootWeb(Object(Config\Paths))
 7 SYSTEMPATH\rewrite.php(44): require_once('C:\\xampp\\htdocs\\MovieReact\\Admin\\admin_backend\\public\\index.php')
WARNING - 2026-04-23 09:43:34 --> [DEPRECATED] Creation of dynamic property App\Controllers\Venus::$venusModel is deprecated in APPPATH\Controllers\Venus.php on line 14.
 1 SYSTEMPATH\CodeIgniter.php(921): App\Controllers\Venus->__construct()
 2 SYSTEMPATH\CodeIgniter.php(488): CodeIgniter\CodeIgniter->createController()
 3 SYSTEMPATH\CodeIgniter.php(340): CodeIgniter\CodeIgniter->handleRequest(null, Object(Config\Cache), false)
 4 SYSTEMPATH\Boot.php(417): CodeIgniter\CodeIgniter->run()
 5 SYSTEMPATH\Boot.php(68): CodeIgniter\Boot::runCodeIgniter(Object(CodeIgniter\CodeIgniter))
 6 FCPATH\index.php(59): CodeIgniter\Boot::bootWeb(Object(Config\Paths))
 7 SYSTEMPATH\rewrite.php(44): require_once('C:\\xampp\\htdocs\\MovieReact\\Admin\\admin_backend\\public\\index.php')
WARNING - 2026-04-23 09:46:19 --> [DEPRECATED] Creation of dynamic property App\Controllers\Venus::$venusModel is deprecated in APPPATH\Controllers\Venus.php on line 14.
 1 SYSTEMPATH\CodeIgniter.php(921): App\Controllers\Venus->__construct()
 2 SYSTEMPATH\CodeIgniter.php(488): CodeIgniter\CodeIgniter->createController()
 3 SYSTEMPATH\CodeIgniter.php(340): CodeIgniter\CodeIgniter->handleRequest(null, Object(Config\Cache), false)
 4 SYSTEMPATH\Boot.php(417): CodeIgniter\CodeIgniter->run()
 5 SYSTEMPATH\Boot.php(68): CodeIgniter\Boot::runCodeIgniter(Object(CodeIgniter\CodeIgniter))
 6 FCPATH\index.php(59): CodeIgniter\Boot::bootWeb(Object(Config\Paths))
 7 SYSTEMPATH\rewrite.php(44): require_once('C:\\xampp\\htdocs\\MovieReact\\Admin\\admin_backend\\public\\index.php')
WARNING - 2026-04-23 09:46:26 --> [DEPRECATED] Creation of dynamic property App\Controllers\Venus::$venusModel is deprecated in APPPATH\Controllers\Venus.php on line 14.
 1 SYSTEMPATH\CodeIgniter.php(921): App\Controllers\Venus->__construct()
 2 SYSTEMPATH\CodeIgniter.php(488): CodeIgniter\CodeIgniter->createController()
 3 SYSTEMPATH\CodeIgniter.php(340): CodeIgniter\CodeIgniter->handleRequest(null, Object(Config\Cache), false)
 4 SYSTEMPATH\Boot.php(417): CodeIgniter\CodeIgniter->run()
 5 SYSTEMPATH\Boot.php(68): CodeIgniter\Boot::runCodeIgniter(Object(CodeIgniter\CodeIgniter))
 6 FCPATH\index.php(59): CodeIgniter\Boot::bootWeb(Object(Config\Paths))
 7 SYSTEMPATH\rewrite.php(44): require_once('C:\\xampp\\htdocs\\MovieReact\\Admin\\admin_backend\\public\\index.php')
WARNING - 2026-04-23 09:46:30 --> [DEPRECATED] Creation of dynamic property App\Controllers\Venus::$venusModel is deprecated in APPPATH\Controllers\Venus.php on line 14.
 1 SYSTEMPATH\CodeIgniter.php(921): App\Controllers\Venus->__construct()
 2 SYSTEMPATH\CodeIgniter.php(488): CodeIgniter\CodeIgniter->createController()
 3 SYSTEMPATH\CodeIgniter.php(340): CodeIgniter\CodeIgniter->handleRequest(null, Object(Config\Cache), false)
 4 SYSTEMPATH\Boot.php(417): CodeIgniter\CodeIgniter->run()
 5 SYSTEMPATH\Boot.php(68): CodeIgniter\Boot::runCodeIgniter(Object(CodeIgniter\CodeIgniter))
 6 FCPATH\index.php(59): CodeIgniter\Boot::bootWeb(Object(Config\Paths))
 7 SYSTEMPATH\rewrite.php(44): require_once('C:\\xampp\\htdocs\\MovieReact\\Admin\\admin_backend\\public\\index.php')
WARNING - 2026-04-23 09:53:44 --> [DEPRECATED] Creation of dynamic property App\Controllers\Venus::$venusModel is deprecated in APPPATH\Controllers\Venus.php on line 14.
 1 SYSTEMPATH\CodeIgniter.php(921): App\Controllers\Venus->__construct()
 2 SYSTEMPATH\CodeIgniter.php(488): CodeIgniter\CodeIgniter->createController()
 3 SYSTEMPATH\CodeIgniter.php(340): CodeIgniter\CodeIgniter->handleRequest(null, Object(Config\Cache), false)
 4 SYSTEMPATH\Boot.php(417): CodeIgniter\CodeIgniter->run()
 5 SYSTEMPATH\Boot.php(68): CodeIgniter\Boot::runCodeIgniter(Object(CodeIgniter\CodeIgniter))
 6 FCPATH\index.php(59): CodeIgniter\Boot::bootWeb(Object(Config\Paths))
 7 SYSTEMPATH\rewrite.php(44): require_once('C:\\xampp\\htdocs\\MovieReact\\Admin\\admin_backend\\public\\index.php')
WARNING - 2026-04-23 11:09:08 --> [DEPRECATED] Creation of dynamic property App\Controllers\Venus::$venusModel is deprecated in APPPATH\Controllers\Venus.php on line 14.
 1 SYSTEMPATH\CodeIgniter.php(921): App\Controllers\Venus->__construct()
 2 SYSTEMPATH\CodeIgniter.php(488): CodeIgniter\CodeIgniter->createController()
 3 SYSTEMPATH\CodeIgniter.php(340): CodeIgniter\CodeIgniter->handleRequest(null, Object(Config\Cache), false)
 4 SYSTEMPATH\Boot.php(417): CodeIgniter\CodeIgniter->run()
 5 SYSTEMPATH\Boot.php(68): CodeIgniter\Boot::runCodeIgniter(Object(CodeIgniter\CodeIgniter))
 6 FCPATH\index.php(59): CodeIgniter\Boot::bootWeb(Object(Config\Paths))
 7 SYSTEMPATH\rewrite.php(44): require_once('C:\\xampp\\htdocs\\MovieReact\\Admin\\admin_backend\\public\\index.php')
WARNING - 2026-04-23 11:09:12 --> [DEPRECATED] Creation of dynamic property App\Controllers\Venus::$venusModel is deprecated in APPPATH\Controllers\Venus.php on line 14.
 1 SYSTEMPATH\CodeIgniter.php(921): App\Controllers\Venus->__construct()
 2 SYSTEMPATH\CodeIgniter.php(488): CodeIgniter\CodeIgniter->createController()
 3 SYSTEMPATH\CodeIgniter.php(340): CodeIgniter\CodeIgniter->handleRequest(null, Object(Config\Cache), false)
 4 SYSTEMPATH\Boot.php(417): CodeIgniter\CodeIgniter->run()
 5 SYSTEMPATH\Boot.php(68): CodeIgniter\Boot::runCodeIgniter(Object(CodeIgniter\CodeIgniter))
 6 FCPATH\index.php(59): CodeIgniter\Boot::bootWeb(Object(Config\Paths))
 7 SYSTEMPATH\rewrite.php(44): require_once('C:\\xampp\\htdocs\\MovieReact\\Admin\\admin_backend\\public\\index.php')
WARNING - 2026-04-23 11:11:33 --> [DEPRECATED] Creation of dynamic property App\Controllers\Venus::$venusModel is deprecated in APPPATH\Controllers\Venus.php on line 14.
 1 SYSTEMPATH\CodeIgniter.php(921): App\Controllers\Venus->__construct()
 2 SYSTEMPATH\CodeIgniter.php(488): CodeIgniter\CodeIgniter->createController()
 3 SYSTEMPATH\CodeIgniter.php(340): CodeIgniter\CodeIgniter->handleRequest(null, Object(Config\Cache), false)
 4 SYSTEMPATH\Boot.php(417): CodeIgniter\CodeIgniter->run()
 5 SYSTEMPATH\Boot.php(68): CodeIgniter\Boot::runCodeIgniter(Object(CodeIgniter\CodeIgniter))
 6 FCPATH\index.php(59): CodeIgniter\Boot::bootWeb(Object(Config\Paths))
 7 SYSTEMPATH\rewrite.php(44): require_once('C:\\xampp\\htdocs\\MovieReact\\Admin\\admin_backend\\public\\index.php')
WARNING - 2026-04-23 11:11:35 --> [DEPRECATED] Creation of dynamic property App\Controllers\Venus::$venusModel is deprecated in APPPATH\Controllers\Venus.php on line 14.
 1 SYSTEMPATH\CodeIgniter.php(921): App\Controllers\Venus->__construct()
 2 SYSTEMPATH\CodeIgniter.php(488): CodeIgniter\CodeIgniter->createController()
 3 SYSTEMPATH\CodeIgniter.php(340): CodeIgniter\CodeIgniter->handleRequest(null, Object(Config\Cache), false)
 4 SYSTEMPATH\Boot.php(417): CodeIgniter\CodeIgniter->run()
 5 SYSTEMPATH\Boot.php(68): CodeIgniter\Boot::runCodeIgniter(Object(CodeIgniter\CodeIgniter))
 6 FCPATH\index.php(59): CodeIgniter\Boot::bootWeb(Object(Config\Paths))
 7 SYSTEMPATH\rewrite.php(44): require_once('C:\\xampp\\htdocs\\MovieReact\\Admin\\admin_backend\\public\\index.php')
WARNING - 2026-04-23 11:11:35 --> [DEPRECATED] Creation of dynamic property App\Controllers\Venus::$venusModel is deprecated in APPPATH\Controllers\Venus.php on line 14.
 1 SYSTEMPATH\CodeIgniter.php(921): App\Controllers\Venus->__construct()
 2 SYSTEMPATH\CodeIgniter.php(488): CodeIgniter\CodeIgniter->createController()
 3 SYSTEMPATH\CodeIgniter.php(340): CodeIgniter\CodeIgniter->handleRequest(null, Object(Config\Cache), false)
 4 SYSTEMPATH\Boot.php(417): CodeIgniter\CodeIgniter->run()
 5 SYSTEMPATH\Boot.php(68): CodeIgniter\Boot::runCodeIgniter(Object(CodeIgniter\CodeIgniter))
 6 FCPATH\index.php(59): CodeIgniter\Boot::bootWeb(Object(Config\Paths))
 7 SYSTEMPATH\rewrite.php(44): require_once('C:\\xampp\\htdocs\\MovieReact\\Admin\\admin_backend\\public\\index.php')
WARNING - 2026-04-23 11:11:36 --> [DEPRECATED] Creation of dynamic property App\Controllers\Venus::$venusModel is deprecated in APPPATH\Controllers\Venus.php on line 14.
 1 SYSTEMPATH\CodeIgniter.php(921): App\Controllers\Venus->__construct()
 2 SYSTEMPATH\CodeIgniter.php(488): CodeIgniter\CodeIgniter->createController()
 3 SYSTEMPATH\CodeIgniter.php(340): CodeIgniter\CodeIgniter->handleRequest(null, Object(Config\Cache), false)
 4 SYSTEMPATH\Boot.php(417): CodeIgniter\CodeIgniter->run()
 5 SYSTEMPATH\Boot.php(68): CodeIgniter\Boot::runCodeIgniter(Object(CodeIgniter\CodeIgniter))
 6 FCPATH\index.php(59): CodeIgniter\Boot::bootWeb(Object(Config\Paths))
 7 SYSTEMPATH\rewrite.php(44): require_once('C:\\xampp\\htdocs\\MovieReact\\Admin\\admin_backend\\public\\index.php')
WARNING - 2026-04-23 11:11:58 --> [DEPRECATED] Creation of dynamic property App\Controllers\Venus::$venusModel is deprecated in APPPATH\Controllers\Venus.php on line 14.
 1 SYSTEMPATH\CodeIgniter.php(921): App\Controllers\Venus->__construct()
 2 SYSTEMPATH\CodeIgniter.php(488): CodeIgniter\CodeIgniter->createController()
 3 SYSTEMPATH\CodeIgniter.php(340): CodeIgniter\CodeIgniter->handleRequest(null, Object(Config\Cache), false)
 4 SYSTEMPATH\Boot.php(417): CodeIgniter\CodeIgniter->run()
 5 SYSTEMPATH\Boot.php(68): CodeIgniter\Boot::runCodeIgniter(Object(CodeIgniter\CodeIgniter))
 6 FCPATH\index.php(59): CodeIgniter\Boot::bootWeb(Object(Config\Paths))
 7 SYSTEMPATH\rewrite.php(44): require_once('C:\\xampp\\htdocs\\MovieReact\\Admin\\admin_backend\\public\\index.php')
WARNING - 2026-04-23 11:11:59 --> [DEPRECATED] Creation of dynamic property App\Controllers\Venus::$venusModel is deprecated in APPPATH\Controllers\Venus.php on line 14.
 1 SYSTEMPATH\CodeIgniter.php(921): App\Controllers\Venus->__construct()
 2 SYSTEMPATH\CodeIgniter.php(488): CodeIgniter\CodeIgniter->createController()
 3 SYSTEMPATH\CodeIgniter.php(340): CodeIgniter\CodeIgniter->handleRequest(null, Object(Config\Cache), false)
 4 SYSTEMPATH\Boot.php(417): CodeIgniter\CodeIgniter->run()
 5 SYSTEMPATH\Boot.php(68): CodeIgniter\Boot::runCodeIgniter(Object(CodeIgniter\CodeIgniter))
 6 FCPATH\index.php(59): CodeIgniter\Boot::bootWeb(Object(Config\Paths))
 7 SYSTEMPATH\rewrite.php(44): require_once('C:\\xampp\\htdocs\\MovieReact\\Admin\\admin_backend\\public\\index.php')
WARNING - 2026-04-23 11:12:04 --> [DEPRECATED] Creation of dynamic property App\Controllers\Venus::$venusModel is deprecated in APPPATH\Controllers\Venus.php on line 14.
 1 SYSTEMPATH\CodeIgniter.php(921): App\Controllers\Venus->__construct()
 2 SYSTEMPATH\CodeIgniter.php(488): CodeIgniter\CodeIgniter->createController()
 3 SYSTEMPATH\CodeIgniter.php(340): CodeIgniter\CodeIgniter->handleRequest(null, Object(Config\Cache), false)
 4 SYSTEMPATH\Boot.php(417): CodeIgniter\CodeIgniter->run()
 5 SYSTEMPATH\Boot.php(68): CodeIgniter\Boot::runCodeIgniter(Object(CodeIgniter\CodeIgniter))
 6 FCPATH\index.php(59): CodeIgniter\Boot::bootWeb(Object(Config\Paths))
 7 SYSTEMPATH\rewrite.php(44): require_once('C:\\xampp\\htdocs\\MovieReact\\Admin\\admin_backend\\public\\index.php')
WARNING - 2026-04-23 11:12:04 --> [DEPRECATED] Creation of dynamic property App\Controllers\Venus::$venusModel is deprecated in APPPATH\Controllers\Venus.php on line 14.
 1 SYSTEMPATH\CodeIgniter.php(921): App\Controllers\Venus->__construct()
 2 SYSTEMPATH\CodeIgniter.php(488): CodeIgniter\CodeIgniter->createController()
 3 SYSTEMPATH\CodeIgniter.php(340): CodeIgniter\CodeIgniter->handleRequest(null, Object(Config\Cache), false)
 4 SYSTEMPATH\Boot.php(417): CodeIgniter\CodeIgniter->run()
 5 SYSTEMPATH\Boot.php(68): CodeIgniter\Boot::runCodeIgniter(Object(CodeIgniter\CodeIgniter))
 6 FCPATH\index.php(59): CodeIgniter\Boot::bootWeb(Object(Config\Paths))
 7 SYSTEMPATH\rewrite.php(44): require_once('C:\\xampp\\htdocs\\MovieReact\\Admin\\admin_backend\\public\\index.php')
WARNING - 2026-04-23 11:12:05 --> [DEPRECATED] Creation of dynamic property App\Controllers\Venus::$venusModel is deprecated in APPPATH\Controllers\Venus.php on line 14.
 1 SYSTEMPATH\CodeIgniter.php(921): App\Controllers\Venus->__construct()
 2 SYSTEMPATH\CodeIgniter.php(488): CodeIgniter\CodeIgniter->createController()
 3 SYSTEMPATH\CodeIgniter.php(340): CodeIgniter\CodeIgniter->handleRequest(null, Object(Config\Cache), false)
 4 SYSTEMPATH\Boot.php(417): CodeIgniter\CodeIgniter->run()
 5 SYSTEMPATH\Boot.php(68): CodeIgniter\Boot::runCodeIgniter(Object(CodeIgniter\CodeIgniter))
 6 FCPATH\index.php(59): CodeIgniter\Boot::bootWeb(Object(Config\Paths))
 7 SYSTEMPATH\rewrite.php(44): require_once('C:\\xampp\\htdocs\\MovieReact\\Admin\\admin_backend\\public\\index.php')
WARNING - 2026-04-23 11:12:06 --> [DEPRECATED] Creation of dynamic property App\Controllers\Venus::$venusModel is deprecated in APPPATH\Controllers\Venus.php on line 14.
 1 SYSTEMPATH\CodeIgniter.php(921): App\Controllers\Venus->__construct()
 2 SYSTEMPATH\CodeIgniter.php(488): CodeIgniter\CodeIgniter->createController()
 3 SYSTEMPATH\CodeIgniter.php(340): CodeIgniter\CodeIgniter->handleRequest(null, Object(Config\Cache), false)
 4 SYSTEMPATH\Boot.php(417): CodeIgniter\CodeIgniter->run()
 5 SYSTEMPATH\Boot.php(68): CodeIgniter\Boot::runCodeIgniter(Object(CodeIgniter\CodeIgniter))
 6 FCPATH\index.php(59): CodeIgniter\Boot::bootWeb(Object(Config\Paths))
 7 SYSTEMPATH\rewrite.php(44): require_once('C:\\xampp\\htdocs\\MovieReact\\Admin\\admin_backend\\public\\index.php')
WARNING - 2026-04-23 11:12:12 --> [DEPRECATED] Creation of dynamic property App\Controllers\Venus::$venusModel is deprecated in APPPATH\Controllers\Venus.php on line 14.
 1 SYSTEMPATH\CodeIgniter.php(921): App\Controllers\Venus->__construct()
 2 SYSTEMPATH\CodeIgniter.php(488): CodeIgniter\CodeIgniter->createController()
 3 SYSTEMPATH\CodeIgniter.php(340): CodeIgniter\CodeIgniter->handleRequest(null, Object(Config\Cache), false)
 4 SYSTEMPATH\Boot.php(417): CodeIgniter\CodeIgniter->run()
 5 SYSTEMPATH\Boot.php(68): CodeIgniter\Boot::runCodeIgniter(Object(CodeIgniter\CodeIgniter))
 6 FCPATH\index.php(59): CodeIgniter\Boot::bootWeb(Object(Config\Paths))
 7 SYSTEMPATH\rewrite.php(44): require_once('C:\\xampp\\htdocs\\MovieReact\\Admin\\admin_backend\\public\\index.php')
WARNING - 2026-04-23 11:12:19 --> [DEPRECATED] Creation of dynamic property App\Controllers\Venus::$venusModel is deprecated in APPPATH\Controllers\Venus.php on line 14.
 1 SYSTEMPATH\CodeIgniter.php(921): App\Controllers\Venus->__construct()
 2 SYSTEMPATH\CodeIgniter.php(488): CodeIgniter\CodeIgniter->createController()
 3 SYSTEMPATH\CodeIgniter.php(340): CodeIgniter\CodeIgniter->handleRequest(null, Object(Config\Cache), false)
 4 SYSTEMPATH\Boot.php(417): CodeIgniter\CodeIgniter->run()
 5 SYSTEMPATH\Boot.php(68): CodeIgniter\Boot::runCodeIgniter(Object(CodeIgniter\CodeIgniter))
 6 FCPATH\index.php(59): CodeIgniter\Boot::bootWeb(Object(Config\Paths))
 7 SYSTEMPATH\rewrite.php(44): require_once('C:\\xampp\\htdocs\\MovieReact\\Admin\\admin_backend\\public\\index.php')
WARNING - 2026-04-23 11:13:50 --> [DEPRECATED] Creation of dynamic property App\Controllers\Venus::$venusModel is deprecated in APPPATH\Controllers\Venus.php on line 14.
 1 SYSTEMPATH\CodeIgniter.php(921): App\Controllers\Venus->__construct()
 2 SYSTEMPATH\CodeIgniter.php(488): CodeIgniter\CodeIgniter->createController()
 3 SYSTEMPATH\CodeIgniter.php(340): CodeIgniter\CodeIgniter->handleRequest(null, Object(Config\Cache), false)
 4 SYSTEMPATH\Boot.php(417): CodeIgniter\CodeIgniter->run()
 5 SYSTEMPATH\Boot.php(68): CodeIgniter\Boot::runCodeIgniter(Object(CodeIgniter\CodeIgniter))
 6 FCPATH\index.php(59): CodeIgniter\Boot::bootWeb(Object(Config\Paths))
 7 SYSTEMPATH\rewrite.php(44): require_once('C:\\xampp\\htdocs\\MovieReact\\Admin\\admin_backend\\public\\index.php')
WARNING - 2026-04-23 11:13:59 --> [DEPRECATED] Creation of dynamic property App\Controllers\Venus::$venusModel is deprecated in APPPATH\Controllers\Venus.php on line 14.
 1 SYSTEMPATH\CodeIgniter.php(921): App\Controllers\Venus->__construct()
 2 SYSTEMPATH\CodeIgniter.php(488): CodeIgniter\CodeIgniter->createController()
 3 SYSTEMPATH\CodeIgniter.php(340): CodeIgniter\CodeIgniter->handleRequest(null, Object(Config\Cache), false)
 4 SYSTEMPATH\Boot.php(417): CodeIgniter\CodeIgniter->run()
 5 SYSTEMPATH\Boot.php(68): CodeIgniter\Boot::runCodeIgniter(Object(CodeIgniter\CodeIgniter))
 6 FCPATH\index.php(59): CodeIgniter\Boot::bootWeb(Object(Config\Paths))
 7 SYSTEMPATH\rewrite.php(44): require_once('C:\\xampp\\htdocs\\MovieReact\\Admin\\admin_backend\\public\\index.php')
WARNING - 2026-04-23 11:14:59 --> [DEPRECATED] Creation of dynamic property App\Controllers\Venus::$venusModel is deprecated in APPPATH\Controllers\Venus.php on line 14.
 1 SYSTEMPATH\CodeIgniter.php(921): App\Controllers\Venus->__construct()
 2 SYSTEMPATH\CodeIgniter.php(488): CodeIgniter\CodeIgniter->createController()
 3 SYSTEMPATH\CodeIgniter.php(340): CodeIgniter\CodeIgniter->handleRequest(null, Object(Config\Cache), false)
 4 SYSTEMPATH\Boot.php(417): CodeIgniter\CodeIgniter->run()
 5 SYSTEMPATH\Boot.php(68): CodeIgniter\Boot::runCodeIgniter(Object(CodeIgniter\CodeIgniter))
 6 FCPATH\index.php(59): CodeIgniter\Boot::bootWeb(Object(Config\Paths))
 7 SYSTEMPATH\rewrite.php(44): require_once('C:\\xampp\\htdocs\\MovieReact\\Admin\\admin_backend\\public\\index.php')
WARNING - 2026-04-23 11:15:01 --> [DEPRECATED] Creation of dynamic property App\Controllers\Venus::$venusModel is deprecated in APPPATH\Controllers\Venus.php on line 14.
 1 SYSTEMPATH\CodeIgniter.php(921): App\Controllers\Venus->__construct()
 2 SYSTEMPATH\CodeIgniter.php(488): CodeIgniter\CodeIgniter->createController()
 3 SYSTEMPATH\CodeIgniter.php(340): CodeIgniter\CodeIgniter->handleRequest(null, Object(Config\Cache), false)
 4 SYSTEMPATH\Boot.php(417): CodeIgniter\CodeIgniter->run()
 5 SYSTEMPATH\Boot.php(68): CodeIgniter\Boot::runCodeIgniter(Object(CodeIgniter\CodeIgniter))
 6 FCPATH\index.php(59): CodeIgniter\Boot::bootWeb(Object(Config\Paths))
 7 SYSTEMPATH\rewrite.php(44): require_once('C:\\xampp\\htdocs\\MovieReact\\Admin\\admin_backend\\public\\index.php')
WARNING - 2026-04-23 11:17:24 --> [DEPRECATED] Creation of dynamic property App\Controllers\Venus::$venusModel is deprecated in APPPATH\Controllers\Venus.php on line 14.
 1 SYSTEMPATH\CodeIgniter.php(921): App\Controllers\Venus->__construct()
 2 SYSTEMPATH\CodeIgniter.php(488): CodeIgniter\CodeIgniter->createController()
 3 SYSTEMPATH\CodeIgniter.php(340): CodeIgniter\CodeIgniter->handleRequest(null, Object(Config\Cache), false)
 4 SYSTEMPATH\Boot.php(417): CodeIgniter\CodeIgniter->run()
 5 SYSTEMPATH\Boot.php(68): CodeIgniter\Boot::runCodeIgniter(Object(CodeIgniter\CodeIgniter))
 6 FCPATH\index.php(59): CodeIgniter\Boot::bootWeb(Object(Config\Paths))
 7 SYSTEMPATH\rewrite.php(44): require_once('C:\\xampp\\htdocs\\MovieReact\\Admin\\admin_backend\\public\\index.php')
WARNING - 2026-04-23 11:18:13 --> [DEPRECATED] Creation of dynamic property App\Controllers\Venus::$venusModel is deprecated in APPPATH\Controllers\Venus.php on line 14.
 1 SYSTEMPATH\CodeIgniter.php(921): App\Controllers\Venus->__construct()
 2 SYSTEMPATH\CodeIgniter.php(488): CodeIgniter\CodeIgniter->createController()
 3 SYSTEMPATH\CodeIgniter.php(340): CodeIgniter\CodeIgniter->handleRequest(null, Object(Config\Cache), false)
 4 SYSTEMPATH\Boot.php(417): CodeIgniter\CodeIgniter->run()
 5 SYSTEMPATH\Boot.php(68): CodeIgniter\Boot::runCodeIgniter(Object(CodeIgniter\CodeIgniter))
 6 FCPATH\index.php(59): CodeIgniter\Boot::bootWeb(Object(Config\Paths))
 7 SYSTEMPATH\rewrite.php(44): require_once('C:\\xampp\\htdocs\\MovieReact\\Admin\\admin_backend\\public\\index.php')
WARNING - 2026-04-23 11:26:54 --> [DEPRECATED] Creation of dynamic property App\Controllers\Venus::$venusModel is deprecated in APPPATH\Controllers\Venus.php on line 14.
 1 SYSTEMPATH\CodeIgniter.php(921): App\Controllers\Venus->__construct()
 2 SYSTEMPATH\CodeIgniter.php(488): CodeIgniter\CodeIgniter->createController()
 3 SYSTEMPATH\CodeIgniter.php(340): CodeIgniter\CodeIgniter->handleRequest(null, Object(Config\Cache), false)
 4 SYSTEMPATH\Boot.php(417): CodeIgniter\CodeIgniter->run()
 5 SYSTEMPATH\Boot.php(68): CodeIgniter\Boot::runCodeIgniter(Object(CodeIgniter\CodeIgniter))
 6 FCPATH\index.php(59): CodeIgniter\Boot::bootWeb(Object(Config\Paths))
 7 SYSTEMPATH\rewrite.php(44): require_once('C:\\xampp\\htdocs\\MovieReact\\Admin\\admin_backend\\public\\index.php')
WARNING - 2026-04-23 11:27:15 --> [DEPRECATED] Creation of dynamic property App\Controllers\Venus::$venusModel is deprecated in APPPATH\Controllers\Venus.php on line 14.
 1 SYSTEMPATH\CodeIgniter.php(921): App\Controllers\Venus->__construct()
 2 SYSTEMPATH\CodeIgniter.php(488): CodeIgniter\CodeIgniter->createController()
 3 SYSTEMPATH\CodeIgniter.php(340): CodeIgniter\CodeIgniter->handleRequest(null, Object(Config\Cache), false)
 4 SYSTEMPATH\Boot.php(417): CodeIgniter\CodeIgniter->run()
 5 SYSTEMPATH\Boot.php(68): CodeIgniter\Boot::runCodeIgniter(Object(CodeIgniter\CodeIgniter))
 6 FCPATH\index.php(59): CodeIgniter\Boot::bootWeb(Object(Config\Paths))
 7 SYSTEMPATH\rewrite.php(44): require_once('C:\\xampp\\htdocs\\MovieReact\\Admin\\admin_backend\\public\\index.php')
WARNING - 2026-04-23 11:34:54 --> [DEPRECATED] Creation of dynamic property App\Controllers\Venus::$venusModel is deprecated in APPPATH\Controllers\Venus.php on line 14.
 1 SYSTEMPATH\CodeIgniter.php(921): App\Controllers\Venus->__construct()
 2 SYSTEMPATH\CodeIgniter.php(488): CodeIgniter\CodeIgniter->createController()
 3 SYSTEMPATH\CodeIgniter.php(340): CodeIgniter\CodeIgniter->handleRequest(null, Object(Config\Cache), false)
 4 SYSTEMPATH\Boot.php(417): CodeIgniter\CodeIgniter->run()
 5 SYSTEMPATH\Boot.php(68): CodeIgniter\Boot::runCodeIgniter(Object(CodeIgniter\CodeIgniter))
 6 FCPATH\index.php(59): CodeIgniter\Boot::bootWeb(Object(Config\Paths))
 7 SYSTEMPATH\rewrite.php(44): require_once('C:\\xampp\\htdocs\\MovieReact\\Admin\\admin_backend\\public\\index.php')
